{"C:\\final fyp idea\\frontend\\src\\api.js": {"path":"C:\\final fyp idea\\frontend\\src\\api.js","statementMap":{"0":{"start":{"line":3,"column":17},"end":{"line":3,"column":null}},"1":{"start":{"line":5,"column":12},"end":{"line":10,"column":2}},"2":{"start":{"line":14,"column":0},"end":{"line":18,"column":null}},"3":{"start":{"line":15,"column":16},"end":{"line":15,"column":48}},"4":{"start":{"line":16,"column":2},"end":{"line":16,"column":null}},"5":{"start":{"line":16,"column":13},"end":{"line":16,"column":null}},"6":{"start":{"line":17,"column":2},"end":{"line":17,"column":null}},"7":{"start":{"line":22,"column":19},"end":{"line":22,"column":null}},"8":{"start":{"line":23,"column":18},"end":{"line":23,"column":20}},"9":{"start":{"line":26,"column":2},"end":{"line":28,"column":null}},"10":{"start":{"line":27,"column":4},"end":{"line":27,"column":null}},"11":{"start":{"line":29,"column":2},"end":{"line":29,"column":null}},"12":{"start":{"line":32,"column":0},"end":{"line":88,"column":null}},"13":{"start":{"line":33,"column":11},"end":{"line":33,"column":null}},"14":{"start":{"line":35,"column":28},"end":{"line":35,"column":null}},"15":{"start":{"line":38,"column":4},"end":{"line":76,"column":null}},"16":{"start":{"line":40,"column":6},"end":{"line":43,"column":null}},"17":{"start":{"line":41,"column":8},"end":{"line":43,"column":null}},"18":{"start":{"line":42,"column":10},"end":{"line":42,"column":null}},"19":{"start":{"line":43,"column":22},"end":{"line":43,"column":42}},"20":{"start":{"line":46,"column":6},"end":{"line":46,"column":null}},"21":{"start":{"line":47,"column":6},"end":{"line":47,"column":null}},"22":{"start":{"line":49,"column":6},"end":{"line":76,"column":null}},"23":{"start":{"line":51,"column":25},"end":{"line":53,"column":10}},"24":{"start":{"line":56,"column":8},"end":{"line":57,"column":null}},"25":{"start":{"line":57,"column":10},"end":{"line":57,"column":null}},"26":{"start":{"line":60,"column":8},"end":{"line":60,"column":null}},"27":{"start":{"line":61,"column":8},"end":{"line":61,"column":null}},"28":{"start":{"line":64,"column":8},"end":{"line":64,"column":null}},"29":{"start":{"line":65,"column":8},"end":{"line":65,"column":null}},"30":{"start":{"line":67,"column":8},"end":{"line":67,"column":null}},"31":{"start":{"line":68,"column":8},"end":{"line":68,"column":null}},"32":{"start":{"line":71,"column":24},"end":{"line":71,"column":null}},"33":{"start":{"line":72,"column":8},"end":{"line":74,"column":null}},"34":{"start":{"line":73,"column":10},"end":{"line":73,"column":null}},"35":{"start":{"line":74,"column":10},"end":{"line":74,"column":null}},"36":{"start":{"line":76,"column":8},"end":{"line":76,"column":null}},"37":{"start":{"line":81,"column":4},"end":{"line":83,"column":null}},"38":{"start":{"line":82,"column":21},"end":{"line":82,"column":null}},"39":{"start":{"line":83,"column":6},"end":{"line":83,"column":null}},"40":{"start":{"line":86,"column":4},"end":{"line":86,"column":null}},"41":{"start":{"line":91,"column":23},"end":{"line":127,"column":null}},"42":{"start":{"line":93,"column":21},"end":{"line":93,"column":75}},"43":{"start":{"line":94,"column":4},"end":{"line":94,"column":null}},"44":{"start":{"line":97,"column":21},"end":{"line":97,"column":66}},"45":{"start":{"line":98,"column":4},"end":{"line":98,"column":null}},"46":{"start":{"line":101,"column":21},"end":{"line":101,"column":50}},"47":{"start":{"line":102,"column":4},"end":{"line":102,"column":null}},"48":{"start":{"line":105,"column":21},"end":{"line":105,"column":75}},"49":{"start":{"line":106,"column":4},"end":{"line":106,"column":null}},"50":{"start":{"line":109,"column":21},"end":{"line":109,"column":78}},"51":{"start":{"line":110,"column":4},"end":{"line":110,"column":null}},"52":{"start":{"line":113,"column":21},"end":{"line":113,"column":69}},"53":{"start":{"line":114,"column":4},"end":{"line":114,"column":null}},"54":{"start":{"line":117,"column":21},"end":{"line":117,"column":60}},"55":{"start":{"line":118,"column":4},"end":{"line":118,"column":null}},"56":{"start":{"line":121,"column":4},"end":{"line":123,"column":null}},"57":{"start":{"line":122,"column":6},"end":{"line":122,"column":null}},"58":{"start":{"line":124,"column":4},"end":{"line":124,"column":null}},"59":{"start":{"line":125,"column":4},"end":{"line":125,"column":null}},"60":{"start":{"line":131,"column":19},"end":{"line":131,"column":57}},"61":{"start":{"line":132,"column":2},"end":{"line":132,"column":null}},"62":{"start":{"line":136,"column":19},"end":{"line":136,"column":75}},"63":{"start":{"line":137,"column":2},"end":{"line":137,"column":null}},"64":{"start":{"line":141,"column":19},"end":{"line":141,"column":56}},"65":{"start":{"line":142,"column":2},"end":{"line":142,"column":null}},"66":{"start":{"line":146,"column":19},"end":{"line":146,"column":61}},"67":{"start":{"line":147,"column":2},"end":{"line":147,"column":null}},"68":{"start":{"line":152,"column":19},"end":{"line":152,"column":52}},"69":{"start":{"line":153,"column":2},"end":{"line":153,"column":null}},"70":{"start":{"line":157,"column":19},"end":{"line":157,"column":74}},"71":{"start":{"line":158,"column":2},"end":{"line":158,"column":null}},"72":{"start":{"line":162,"column":19},"end":{"line":162,"column":52}},"73":{"start":{"line":163,"column":2},"end":{"line":163,"column":null}},"74":{"start":{"line":167,"column":19},"end":{"line":167,"column":60}},"75":{"start":{"line":168,"column":2},"end":{"line":168,"column":null}},"76":{"start":{"line":172,"column":19},"end":{"line":172,"column":73}},"77":{"start":{"line":173,"column":2},"end":{"line":173,"column":null}},"78":{"start":{"line":177,"column":19},"end":{"line":177,"column":72}},"79":{"start":{"line":178,"column":2},"end":{"line":178,"column":null}},"80":{"start":{"line":182,"column":19},"end":{"line":182,"column":79}},"81":{"start":{"line":183,"column":2},"end":{"line":183,"column":null}},"82":{"start":{"line":187,"column":26},"end":{"line":216,"column":null}},"83":{"start":{"line":189,"column":21},"end":{"line":189,"column":63}},"84":{"start":{"line":190,"column":4},"end":{"line":190,"column":null}},"85":{"start":{"line":193,"column":21},"end":{"line":193,"column":65}},"86":{"start":{"line":194,"column":4},"end":{"line":194,"column":null}},"87":{"start":{"line":197,"column":21},"end":{"line":197,"column":108}},"88":{"start":{"line":198,"column":4},"end":{"line":198,"column":null}},"89":{"start":{"line":201,"column":21},"end":{"line":201,"column":66}},"90":{"start":{"line":202,"column":4},"end":{"line":202,"column":null}},"91":{"start":{"line":205,"column":21},"end":{"line":205,"column":64}},"92":{"start":{"line":206,"column":4},"end":{"line":206,"column":null}},"93":{"start":{"line":209,"column":21},"end":{"line":209,"column":58}},"94":{"start":{"line":210,"column":4},"end":{"line":210,"column":null}},"95":{"start":{"line":213,"column":21},"end":{"line":213,"column":71}},"96":{"start":{"line":214,"column":4},"end":{"line":214,"column":null}},"97":{"start":{"line":219,"column":25},"end":{"line":260,"column":null}},"98":{"start":{"line":221,"column":21},"end":{"line":221,"column":58}},"99":{"start":{"line":222,"column":4},"end":{"line":222,"column":null}},"100":{"start":{"line":225,"column":21},"end":{"line":225,"column":62}},"101":{"start":{"line":226,"column":4},"end":{"line":226,"column":null}},"102":{"start":{"line":229,"column":21},"end":{"line":229,"column":73}},"103":{"start":{"line":230,"column":4},"end":{"line":230,"column":null}},"104":{"start":{"line":233,"column":21},"end":{"line":233,"column":63}},"105":{"start":{"line":234,"column":4},"end":{"line":234,"column":null}},"106":{"start":{"line":237,"column":21},"end":{"line":237,"column":72}},"107":{"start":{"line":238,"column":4},"end":{"line":238,"column":null}},"108":{"start":{"line":241,"column":21},"end":{"line":241,"column":65}},"109":{"start":{"line":242,"column":4},"end":{"line":242,"column":null}},"110":{"start":{"line":245,"column":21},"end":{"line":245,"column":78}},"111":{"start":{"line":246,"column":4},"end":{"line":246,"column":null}},"112":{"start":{"line":249,"column":21},"end":{"line":249,"column":55}},"113":{"start":{"line":250,"column":4},"end":{"line":250,"column":null}},"114":{"start":{"line":253,"column":21},"end":{"line":253,"column":55}},"115":{"start":{"line":254,"column":4},"end":{"line":254,"column":null}},"116":{"start":{"line":257,"column":21},"end":{"line":257,"column":57}},"117":{"start":{"line":258,"column":4},"end":{"line":258,"column":null}},"118":{"start":{"line":263,"column":24},"end":{"line":268,"column":null}},"119":{"start":{"line":265,"column":21},"end":{"line":265,"column":61}},"120":{"start":{"line":266,"column":4},"end":{"line":266,"column":null}},"121":{"start":{"line":271,"column":32},"end":{"line":284,"column":null}},"122":{"start":{"line":273,"column":21},"end":{"line":273,"column":56}},"123":{"start":{"line":274,"column":4},"end":{"line":274,"column":null}},"124":{"start":{"line":277,"column":21},"end":{"line":277,"column":68}},"125":{"start":{"line":278,"column":4},"end":{"line":278,"column":null}},"126":{"start":{"line":281,"column":21},"end":{"line":281,"column":66}},"127":{"start":{"line":282,"column":4},"end":{"line":282,"column":null}},"128":{"start":{"line":287,"column":27},"end":{"line":304,"column":null}},"129":{"start":{"line":289,"column":21},"end":{"line":289,"column":51}},"130":{"start":{"line":290,"column":4},"end":{"line":290,"column":null}},"131":{"start":{"line":293,"column":21},"end":{"line":293,"column":65}},"132":{"start":{"line":294,"column":4},"end":{"line":294,"column":null}},"133":{"start":{"line":297,"column":21},"end":{"line":297,"column":64}},"134":{"start":{"line":298,"column":4},"end":{"line":298,"column":null}},"135":{"start":{"line":301,"column":21},"end":{"line":301,"column":79}},"136":{"start":{"line":302,"column":4},"end":{"line":302,"column":null}},"137":{"start":{"line":307,"column":30},"end":{"line":312,"column":null}},"138":{"start":{"line":309,"column":21},"end":{"line":309,"column":54}},"139":{"start":{"line":310,"column":4},"end":{"line":310,"column":null}},"140":{"start":{"line":315,"column":27},"end":{"line":340,"column":null}},"141":{"start":{"line":317,"column":21},"end":{"line":317,"column":57}},"142":{"start":{"line":318,"column":4},"end":{"line":318,"column":null}},"143":{"start":{"line":321,"column":21},"end":{"line":321,"column":68}},"144":{"start":{"line":322,"column":4},"end":{"line":322,"column":null}},"145":{"start":{"line":325,"column":21},"end":{"line":325,"column":62}},"146":{"start":{"line":326,"column":4},"end":{"line":326,"column":null}},"147":{"start":{"line":329,"column":21},"end":{"line":329,"column":74}},"148":{"start":{"line":330,"column":4},"end":{"line":330,"column":null}},"149":{"start":{"line":333,"column":21},"end":{"line":333,"column":73}},"150":{"start":{"line":334,"column":4},"end":{"line":334,"column":null}},"151":{"start":{"line":337,"column":21},"end":{"line":337,"column":59}},"152":{"start":{"line":338,"column":4},"end":{"line":338,"column":null}},"153":{"start":{"line":344,"column":16},"end":{"line":344,"column":null}},"154":{"start":{"line":345,"column":13},"end":{"line":345,"column":33}},"155":{"start":{"line":346,"column":2},"end":{"line":346,"column":null}},"156":{"start":{"line":346,"column":20},"end":{"line":346,"column":50}},"157":{"start":{"line":347,"column":2},"end":{"line":347,"column":null}},"158":{"start":{"line":347,"column":26},"end":{"line":347,"column":null}},"159":{"start":{"line":347,"column":32},"end":{"line":347,"column":69}},"160":{"start":{"line":348,"column":2},"end":{"line":348,"column":null}},"161":{"start":{"line":348,"column":21},"end":{"line":348,"column":75}},"162":{"start":{"line":349,"column":2},"end":{"line":349,"column":null}},"163":{"start":{"line":349,"column":22},"end":{"line":349,"column":69}},"164":{"start":{"line":350,"column":15},"end":{"line":350,"column":112}},"165":{"start":{"line":350,"column":35},"end":{"line":350,"column":106}},"166":{"start":{"line":350,"column":60},"end":{"line":350,"column":106}},"167":{"start":{"line":351,"column":2},"end":{"line":354,"column":null}},"168":{"start":{"line":352,"column":19},"end":{"line":352,"column":40}},"169":{"start":{"line":352,"column":40},"end":{"line":352,"column":null}},"170":{"start":{"line":353,"column":19},"end":{"line":353,"column":null}},"171":{"start":{"line":353,"column":44},"end":{"line":353,"column":null}}},"fnMap":{"0":{"name":"(anonymous_0)","decl":{"start":{"line":14,"column":25},"end":{"line":14,"column":30}},"loc":{"start":{"line":14,"column":41},"end":{"line":18,"column":null}},"line":14},"1":{"name":"processQueue","decl":{"start":{"line":25,"column":9},"end":{"line":25,"column":22}},"loc":{"start":{"line":25,"column":29},"end":{"line":29,"column":null}},"line":25},"2":{"name":"(anonymous_2)","decl":{"start":{"line":26,"column":14},"end":{"line":26,"column":23}},"loc":{"start":{"line":26,"column":47},"end":{"line":28,"column":null}},"line":26},"3":{"name":"(anonymous_3)","decl":{"start":{"line":32,"column":26},"end":{"line":32,"column":null}},"loc":{"start":{"line":33,"column":11},"end":{"line":33,"column":null}},"line":33},"4":{"name":"(anonymous_4)","decl":{"start":{"line":34,"column":2},"end":{"line":34,"column":9}},"loc":{"start":{"line":34,"column":19},"end":{"line":88,"column":null}},"line":34},"5":{"name":"(anonymous_5)","decl":{"start":{"line":41,"column":19},"end":{"line":41,"column":28}},"loc":{"start":{"line":41,"column":48},"end":{"line":43,"column":11}},"line":41},"6":{"name":"(anonymous_6)","decl":{"start":{"line":43,"column":11},"end":{"line":43,"column":22}},"loc":{"start":{"line":43,"column":22},"end":{"line":43,"column":42}},"line":43},"7":{"name":"(anonymous_7)","decl":{"start":{"line":92,"column":9},"end":{"line":92,"column":16}},"loc":{"start":{"line":92,"column":36},"end":{"line":94,"column":null}},"line":92},"8":{"name":"(anonymous_8)","decl":{"start":{"line":96,"column":12},"end":{"line":96,"column":19}},"loc":{"start":{"line":96,"column":31},"end":{"line":98,"column":null}},"line":96},"9":{"name":"(anonymous_9)","decl":{"start":{"line":100,"column":6},"end":{"line":100,"column":18}},"loc":{"start":{"line":100,"column":18},"end":{"line":102,"column":null}},"line":100},"10":{"name":"(anonymous_10)","decl":{"start":{"line":104,"column":18},"end":{"line":104,"column":25}},"loc":{"start":{"line":104,"column":35},"end":{"line":106,"column":null}},"line":104},"11":{"name":"(anonymous_11)","decl":{"start":{"line":108,"column":15},"end":{"line":108,"column":22}},"loc":{"start":{"line":108,"column":38},"end":{"line":110,"column":null}},"line":108},"12":{"name":"(anonymous_12)","decl":{"start":{"line":112,"column":12},"end":{"line":112,"column":19}},"loc":{"start":{"line":112,"column":29},"end":{"line":114,"column":null}},"line":112},"13":{"name":"(anonymous_13)","decl":{"start":{"line":116,"column":14},"end":{"line":116,"column":26}},"loc":{"start":{"line":116,"column":26},"end":{"line":118,"column":null}},"line":116},"14":{"name":"(anonymous_14)","decl":{"start":{"line":120,"column":10},"end":{"line":120,"column":22}},"loc":{"start":{"line":120,"column":22},"end":{"line":125,"column":null}},"line":120},"15":{"name":"createCase","decl":{"start":{"line":130,"column":22},"end":{"line":130,"column":33}},"loc":{"start":{"line":130,"column":43},"end":{"line":132,"column":null}},"line":130},"16":{"name":"listCases","decl":{"start":{"line":135,"column":22},"end":{"line":135,"column":32}},"loc":{"start":{"line":135,"column":54},"end":{"line":137,"column":null}},"line":135},"17":{"name":"getCase","decl":{"start":{"line":140,"column":22},"end":{"line":140,"column":30}},"loc":{"start":{"line":140,"column":38},"end":{"line":142,"column":null}},"line":140},"18":{"name":"rerunCase","decl":{"start":{"line":145,"column":22},"end":{"line":145,"column":32}},"loc":{"start":{"line":145,"column":40},"end":{"line":147,"column":null}},"line":145},"19":{"name":"getAdminStats","decl":{"start":{"line":151,"column":22},"end":{"line":151,"column":38}},"loc":{"start":{"line":151,"column":38},"end":{"line":153,"column":null}},"line":151},"20":{"name":"getAuditLogs","decl":{"start":{"line":156,"column":22},"end":{"line":156,"column":35}},"loc":{"start":{"line":156,"column":47},"end":{"line":158,"column":null}},"line":156},"21":{"name":"getAdminUsers","decl":{"start":{"line":161,"column":22},"end":{"line":161,"column":38}},"loc":{"start":{"line":161,"column":38},"end":{"line":163,"column":null}},"line":161},"22":{"name":"getPendingUsers","decl":{"start":{"line":166,"column":22},"end":{"line":166,"column":40}},"loc":{"start":{"line":166,"column":40},"end":{"line":168,"column":null}},"line":166},"23":{"name":"approveUser","decl":{"start":{"line":171,"column":22},"end":{"line":171,"column":34}},"loc":{"start":{"line":171,"column":44},"end":{"line":173,"column":null}},"line":171},"24":{"name":"rejectUser","decl":{"start":{"line":176,"column":22},"end":{"line":176,"column":33}},"loc":{"start":{"line":176,"column":43},"end":{"line":178,"column":null}},"line":176},"25":{"name":"changeUserRole","decl":{"start":{"line":181,"column":22},"end":{"line":181,"column":37}},"loc":{"start":{"line":181,"column":53},"end":{"line":183,"column":null}},"line":181},"26":{"name":"(anonymous_26)","decl":{"start":{"line":188,"column":19},"end":{"line":188,"column":31}},"loc":{"start":{"line":188,"column":31},"end":{"line":190,"column":null}},"line":188},"27":{"name":"(anonymous_27)","decl":{"start":{"line":192,"column":20},"end":{"line":192,"column":32}},"loc":{"start":{"line":192,"column":32},"end":{"line":194,"column":null}},"line":192},"28":{"name":"(anonymous_28)","decl":{"start":{"line":196,"column":19},"end":{"line":196,"column":26}},"loc":{"start":{"line":196,"column":59},"end":{"line":198,"column":null}},"line":196},"29":{"name":"(anonymous_29)","decl":{"start":{"line":200,"column":21},"end":{"line":200,"column":33}},"loc":{"start":{"line":200,"column":33},"end":{"line":202,"column":null}},"line":200},"30":{"name":"(anonymous_30)","decl":{"start":{"line":204,"column":20},"end":{"line":204,"column":32}},"loc":{"start":{"line":204,"column":32},"end":{"line":206,"column":null}},"line":204},"31":{"name":"(anonymous_31)","decl":{"start":{"line":208,"column":14},"end":{"line":208,"column":26}},"loc":{"start":{"line":208,"column":26},"end":{"line":210,"column":null}},"line":208},"32":{"name":"(anonymous_32)","decl":{"start":{"line":212,"column":17},"end":{"line":212,"column":24}},"loc":{"start":{"line":212,"column":40},"end":{"line":214,"column":null}},"line":212},"33":{"name":"(anonymous_33)","decl":{"start":{"line":220,"column":15},"end":{"line":220,"column":27}},"loc":{"start":{"line":220,"column":27},"end":{"line":222,"column":null}},"line":220},"34":{"name":"(anonymous_34)","decl":{"start":{"line":224,"column":19},"end":{"line":224,"column":31}},"loc":{"start":{"line":224,"column":31},"end":{"line":226,"column":null}},"line":224},"35":{"name":"(anonymous_35)","decl":{"start":{"line":228,"column":21},"end":{"line":228,"column":28}},"loc":{"start":{"line":228,"column":41},"end":{"line":230,"column":null}},"line":228},"36":{"name":"(anonymous_36)","decl":{"start":{"line":232,"column":20},"end":{"line":232,"column":32}},"loc":{"start":{"line":232,"column":32},"end":{"line":234,"column":null}},"line":232},"37":{"name":"(anonymous_37)","decl":{"start":{"line":236,"column":22},"end":{"line":236,"column":29}},"loc":{"start":{"line":236,"column":40},"end":{"line":238,"column":null}},"line":236},"38":{"name":"(anonymous_38)","decl":{"start":{"line":240,"column":21},"end":{"line":240,"column":33}},"loc":{"start":{"line":240,"column":33},"end":{"line":242,"column":null}},"line":240},"39":{"name":"(anonymous_39)","decl":{"start":{"line":244,"column":23},"end":{"line":244,"column":30}},"loc":{"start":{"line":244,"column":45},"end":{"line":246,"column":null}},"line":244},"40":{"name":"(anonymous_40)","decl":{"start":{"line":248,"column":12},"end":{"line":248,"column":24}},"loc":{"start":{"line":248,"column":24},"end":{"line":250,"column":null}},"line":248},"41":{"name":"(anonymous_41)","decl":{"start":{"line":252,"column":12},"end":{"line":252,"column":24}},"loc":{"start":{"line":252,"column":24},"end":{"line":254,"column":null}},"line":252},"42":{"name":"(anonymous_42)","decl":{"start":{"line":256,"column":14},"end":{"line":256,"column":26}},"loc":{"start":{"line":256,"column":26},"end":{"line":258,"column":null}},"line":256},"43":{"name":"(anonymous_43)","decl":{"start":{"line":264,"column":10},"end":{"line":264,"column":17}},"loc":{"start":{"line":264,"column":28},"end":{"line":268,"column":null}},"line":264},"44":{"name":"(anonymous_44)","decl":{"start":{"line":272,"column":10},"end":{"line":272,"column":22}},"loc":{"start":{"line":272,"column":22},"end":{"line":274,"column":null}},"line":272},"45":{"name":"(anonymous_45)","decl":{"start":{"line":276,"column":12},"end":{"line":276,"column":19}},"loc":{"start":{"line":276,"column":26},"end":{"line":278,"column":null}},"line":276},"46":{"name":"(anonymous_46)","decl":{"start":{"line":280,"column":15},"end":{"line":280,"column":27}},"loc":{"start":{"line":280,"column":27},"end":{"line":282,"column":null}},"line":280},"47":{"name":"(anonymous_47)","decl":{"start":{"line":288,"column":10},"end":{"line":288,"column":22}},"loc":{"start":{"line":288,"column":22},"end":{"line":290,"column":null}},"line":288},"48":{"name":"(anonymous_48)","decl":{"start":{"line":292,"column":20},"end":{"line":292,"column":32}},"loc":{"start":{"line":292,"column":32},"end":{"line":294,"column":null}},"line":292},"49":{"name":"(anonymous_49)","decl":{"start":{"line":296,"column":19},"end":{"line":296,"column":26}},"loc":{"start":{"line":296,"column":40},"end":{"line":298,"column":null}},"line":296},"50":{"name":"(anonymous_50)","decl":{"start":{"line":300,"column":8},"end":{"line":300,"column":15}},"loc":{"start":{"line":300,"column":39},"end":{"line":302,"column":null}},"line":300},"51":{"name":"(anonymous_51)","decl":{"start":{"line":308,"column":10},"end":{"line":308,"column":22}},"loc":{"start":{"line":308,"column":22},"end":{"line":312,"column":null}},"line":308},"52":{"name":"(anonymous_52)","decl":{"start":{"line":316,"column":12},"end":{"line":316,"column":24}},"loc":{"start":{"line":316,"column":24},"end":{"line":318,"column":null}},"line":316},"53":{"name":"(anonymous_53)","decl":{"start":{"line":320,"column":14},"end":{"line":320,"column":21}},"loc":{"start":{"line":320,"column":34},"end":{"line":322,"column":null}},"line":320},"54":{"name":"(anonymous_54)","decl":{"start":{"line":324,"column":16},"end":{"line":324,"column":28}},"loc":{"start":{"line":324,"column":28},"end":{"line":326,"column":null}},"line":324},"55":{"name":"(anonymous_55)","decl":{"start":{"line":328,"column":18},"end":{"line":328,"column":25}},"loc":{"start":{"line":328,"column":39},"end":{"line":330,"column":null}},"line":328},"56":{"name":"(anonymous_56)","decl":{"start":{"line":332,"column":24},"end":{"line":332,"column":31}},"loc":{"start":{"line":332,"column":43},"end":{"line":334,"column":null}},"line":332},"57":{"name":"(anonymous_57)","decl":{"start":{"line":336,"column":14},"end":{"line":336,"column":26}},"loc":{"start":{"line":336,"column":26},"end":{"line":338,"column":null}},"line":336},"58":{"name":"createCaseWebSocket","decl":{"start":{"line":343,"column":16},"end":{"line":343,"column":36}},"loc":{"start":{"line":343,"column":60},"end":{"line":354,"column":null}},"line":343},"59":{"name":"(anonymous_59)","decl":{"start":{"line":346,"column":5},"end":{"line":346,"column":20}},"loc":{"start":{"line":346,"column":20},"end":{"line":346,"column":50}},"line":346},"60":{"name":"(anonymous_60)","decl":{"start":{"line":347,"column":5},"end":{"line":347,"column":18}},"loc":{"start":{"line":347,"column":24},"end":{"line":347,"column":null}},"line":347},"61":{"name":"(anonymous_61)","decl":{"start":{"line":348,"column":5},"end":{"line":348,"column":21}},"loc":{"start":{"line":348,"column":21},"end":{"line":348,"column":75}},"line":348},"62":{"name":"(anonymous_62)","decl":{"start":{"line":349,"column":5},"end":{"line":349,"column":16}},"loc":{"start":{"line":349,"column":22},"end":{"line":349,"column":69}},"line":349},"63":{"name":"(anonymous_63)","decl":{"start":{"line":350,"column":15},"end":{"line":350,"column":33}},"loc":{"start":{"line":350,"column":33},"end":{"line":350,"column":112}},"line":350},"64":{"name":"(anonymous_64)","decl":{"start":{"line":352,"column":4},"end":{"line":352,"column":17}},"loc":{"start":{"line":352,"column":17},"end":{"line":352,"column":null}},"line":352},"65":{"name":"(anonymous_65)","decl":{"start":{"line":353,"column":4},"end":{"line":353,"column":11}},"loc":{"start":{"line":353,"column":17},"end":{"line":353,"column":null}},"line":353}},"branchMap":{"0":{"loc":{"start":{"line":3,"column":17},"end":{"line":3,"column":null}},"type":"binary-expr","locations":[{"start":{"line":3,"column":17},"end":{"line":3,"column":54}},{"start":{"line":3,"column":54},"end":{"line":3,"column":null}}],"line":3},"1":{"loc":{"start":{"line":16,"column":2},"end":{"line":16,"column":null}},"type":"if","locations":[{"start":{"line":16,"column":2},"end":{"line":16,"column":null}},{"start":{},"end":{}}],"line":16},"2":{"loc":{"start":{"line":27,"column":4},"end":{"line":27,"column":37}},"type":"cond-expr","locations":[{"start":{"line":27,"column":12},"end":{"line":27,"column":25}},{"start":{"line":27,"column":28},"end":{"line":27,"column":37}}],"line":27},"3":{"loc":{"start":{"line":38,"column":4},"end":{"line":76,"column":null}},"type":"if","locations":[{"start":{"line":38,"column":4},"end":{"line":76,"column":null}},{"start":{},"end":{}}],"line":38},"4":{"loc":{"start":{"line":38,"column":8},"end":{"line":38,"column":67}},"type":"binary-expr","locations":[{"start":{"line":38,"column":8},"end":{"line":38,"column":42}},{"start":{"line":38,"column":42},"end":{"line":38,"column":67}}],"line":38},"5":{"loc":{"start":{"line":40,"column":6},"end":{"line":43,"column":null}},"type":"if","locations":[{"start":{"line":40,"column":6},"end":{"line":43,"column":null}},{"start":{},"end":{}}],"line":40},"6":{"loc":{"start":{"line":56,"column":8},"end":{"line":57,"column":null}},"type":"if","locations":[{"start":{"line":56,"column":8},"end":{"line":57,"column":null}},{"start":{},"end":{}}],"line":56},"7":{"loc":{"start":{"line":72,"column":8},"end":{"line":74,"column":null}},"type":"if","locations":[{"start":{"line":72,"column":8},"end":{"line":74,"column":null}},{"start":{},"end":{}}],"line":72},"8":{"loc":{"start":{"line":81,"column":4},"end":{"line":83,"column":null}},"type":"if","locations":[{"start":{"line":81,"column":4},"end":{"line":83,"column":null}},{"start":{},"end":{}}],"line":81},"9":{"loc":{"start":{"line":82,"column":21},"end":{"line":82,"column":null}},"type":"binary-expr","locations":[{"start":{"line":82,"column":21},"end":{"line":82,"column":53}},{"start":{"line":82,"column":53},"end":{"line":82,"column":null}}],"line":82},"10":{"loc":{"start":{"line":135,"column":32},"end":{"line":135,"column":42}},"type":"default-arg","locations":[{"start":{"line":135,"column":39},"end":{"line":135,"column":42}}],"line":135},"11":{"loc":{"start":{"line":135,"column":42},"end":{"line":135,"column":54}},"type":"default-arg","locations":[{"start":{"line":135,"column":50},"end":{"line":135,"column":54}}],"line":135},"12":{"loc":{"start":{"line":156,"column":35},"end":{"line":156,"column":47}},"type":"default-arg","locations":[{"start":{"line":156,"column":43},"end":{"line":156,"column":47}}],"line":156},"13":{"loc":{"start":{"line":196,"column":45},"end":{"line":196,"column":59}},"type":"default-arg","locations":[{"start":{"line":196,"column":52},"end":{"line":196,"column":59}}],"line":196},"14":{"loc":{"start":{"line":344,"column":19},"end":{"line":344,"column":74}},"type":"cond-expr","locations":[{"start":{"line":344,"column":59},"end":{"line":344,"column":68}},{"start":{"line":344,"column":68},"end":{"line":344,"column":74}}],"line":344},"15":{"loc":{"start":{"line":350,"column":35},"end":{"line":350,"column":106}},"type":"if","locations":[{"start":{"line":350,"column":35},"end":{"line":350,"column":106}},{"start":{},"end":{}}],"line":350},"16":{"loc":{"start":{"line":353,"column":19},"end":{"line":353,"column":null}},"type":"if","locations":[{"start":{"line":353,"column":19},"end":{"line":353,"column":null}},{"start":{},"end":{}}],"line":353}},"s":{"0":1,"1":1,"2":1,"3":0,"4":0,"5":0,"6":0,"7":1,"8":1,"9":0,"10":0,"11":0,"12":1,"13":0,"14":0,"15":0,"16":0,"17":0,"18":0,"19":0,"20":0,"21":0,"22":0,"23":0,"24":0,"25":0,"26":0,"27":0,"28":0,"29":0,"30":0,"31":0,"32":0,"33":0,"34":0,"35":0,"36":0,"37":0,"38":0,"39":0,"40":0,"41":1,"42":1,"43":1,"44":1,"45":1,"46":1,"47":1,"48":1,"49":1,"50":1,"51":1,"52":1,"53":1,"54":1,"55":1,"56":1,"57":1,"58":1,"59":1,"60":0,"61":0,"62":0,"63":0,"64":0,"65":0,"66":0,"67":0,"68":0,"69":0,"70":0,"71":0,"72":0,"73":0,"74":0,"75":0,"76":0,"77":0,"78":0,"79":0,"80":0,"81":0,"82":1,"83":0,"84":0,"85":0,"86":0,"87":0,"88":0,"89":0,"90":0,"91":0,"92":0,"93":0,"94":0,"95":0,"96":0,"97":1,"98":0,"99":0,"100":0,"101":0,"102":0,"103":0,"104":0,"105":0,"106":0,"107":0,"108":0,"109":0,"110":0,"111":0,"112":0,"113":0,"114":0,"115":0,"116":0,"117":0,"118":1,"119":0,"120":0,"121":1,"122":0,"123":0,"124":0,"125":0,"126":0,"127":0,"128":1,"129":0,"130":0,"131":0,"132":0,"133":0,"134":0,"135":0,"136":0,"137":1,"138":0,"139":0,"140":1,"141":0,"142":0,"143":0,"144":0,"145":0,"146":0,"147":0,"148":0,"149":0,"150":0,"151":0,"152":0,"153":1,"154":1,"155":1,"156":0,"157":1,"158":0,"159":0,"160":1,"161":0,"162":1,"163":0,"164":1,"165":0,"166":0,"167":1,"168":1,"169":1,"170":0,"171":0},"f":{"0":0,"1":0,"2":0,"3":0,"4":0,"5":0,"6":0,"7":1,"8":1,"9":1,"10":1,"11":1,"12":1,"13":1,"14":1,"15":0,"16":0,"17":0,"18":0,"19":0,"20":0,"21":0,"22":0,"23":0,"24":0,"25":0,"26":0,"27":0,"28":0,"29":0,"30":0,"31":0,"32":0,"33":0,"34":0,"35":0,"36":0,"37":0,"38":0,"39":0,"40":0,"41":0,"42":0,"43":0,"44":0,"45":0,"46":0,"47":0,"48":0,"49":0,"50":0,"51":0,"52":0,"53":0,"54":0,"55":0,"56":0,"57":0,"58":1,"59":0,"60":0,"61":0,"62":0,"63":0,"64":1,"65":0},"b":{"0":[1,1],"1":[0,0],"2":[0,0],"3":[0,0],"4":[0,0],"5":[0,0],"6":[0,0],"7":[0,0],"8":[0,0],"9":[0,0],"10":[0],"11":[0],"12":[0],"13":[0],"14":[0,1],"15":[0,0],"16":[0,0]},"meta":{"lastBranch":17,"lastFunction":66,"lastStatement":172,"seen":{"s:3:17:3:Infinity":0,"b:3:17:3:54:3:54:3:Infinity":0,"s:5:12:10:2":1,"s:14:0:18:Infinity":2,"f:14:25:14:30":0,"s:15:16:15:48":3,"b:16:2:16:Infinity:undefined:undefined:undefined:undefined":1,"s:16:2:16:Infinity":4,"s:16:13:16:Infinity":5,"s:17:2:17:Infinity":6,"s:22:19:22:Infinity":7,"s:23:18:23:20":8,"f:25:9:25:22":1,"s:26:2:28:Infinity":9,"f:26:14:26:23":2,"s:27:4:27:Infinity":10,"b:27:12:27:25:27:28:27:37":2,"s:29:2:29:Infinity":11,"s:32:0:88:Infinity":12,"f:32:26:32:Infinity":3,"s:33:11:33:Infinity":13,"f:34:2:34:9":4,"s:35:28:35:Infinity":14,"b:38:4:76:Infinity:undefined:undefined:undefined:undefined":3,"s:38:4:76:Infinity":15,"b:38:8:38:42:38:42:38:67":4,"b:40:6:43:Infinity:undefined:undefined:undefined:undefined":5,"s:40:6:43:Infinity":16,"s:41:8:43:Infinity":17,"f:41:19:41:28":5,"s:42:10:42:Infinity":18,"f:43:11:43:22":6,"s:43:22:43:42":19,"s:46:6:46:Infinity":20,"s:47:6:47:Infinity":21,"s:49:6:76:Infinity":22,"s:51:25:53:10":23,"b:56:8:57:Infinity:undefined:undefined:undefined:undefined":6,"s:56:8:57:Infinity":24,"s:57:10:57:Infinity":25,"s:60:8:60:Infinity":26,"s:61:8:61:Infinity":27,"s:64:8:64:Infinity":28,"s:65:8:65:Infinity":29,"s:67:8:67:Infinity":30,"s:68:8:68:Infinity":31,"s:71:24:71:Infinity":32,"b:72:8:74:Infinity:undefined:undefined:undefined:undefined":7,"s:72:8:74:Infinity":33,"s:73:10:73:Infinity":34,"s:74:10:74:Infinity":35,"s:76:8:76:Infinity":36,"b:81:4:83:Infinity:undefined:undefined:undefined:undefined":8,"s:81:4:83:Infinity":37,"s:82:21:82:Infinity":38,"b:82:21:82:53:82:53:82:Infinity":9,"s:83:6:83:Infinity":39,"s:86:4:86:Infinity":40,"s:91:23:127:Infinity":41,"f:92:9:92:16":7,"s:93:21:93:75":42,"s:94:4:94:Infinity":43,"f:96:12:96:19":8,"s:97:21:97:66":44,"s:98:4:98:Infinity":45,"f:100:6:100:18":9,"s:101:21:101:50":46,"s:102:4:102:Infinity":47,"f:104:18:104:25":10,"s:105:21:105:75":48,"s:106:4:106:Infinity":49,"f:108:15:108:22":11,"s:109:21:109:78":50,"s:110:4:110:Infinity":51,"f:112:12:112:19":12,"s:113:21:113:69":52,"s:114:4:114:Infinity":53,"f:116:14:116:26":13,"s:117:21:117:60":54,"s:118:4:118:Infinity":55,"f:120:10:120:22":14,"s:121:4:123:Infinity":56,"s:122:6:122:Infinity":57,"s:124:4:124:Infinity":58,"s:125:4:125:Infinity":59,"f:130:22:130:33":15,"s:131:19:131:57":60,"s:132:2:132:Infinity":61,"f:135:22:135:32":16,"b:135:39:135:42":10,"b:135:50:135:54":11,"s:136:19:136:75":62,"s:137:2:137:Infinity":63,"f:140:22:140:30":17,"s:141:19:141:56":64,"s:142:2:142:Infinity":65,"f:145:22:145:32":18,"s:146:19:146:61":66,"s:147:2:147:Infinity":67,"f:151:22:151:38":19,"s:152:19:152:52":68,"s:153:2:153:Infinity":69,"f:156:22:156:35":20,"b:156:43:156:47":12,"s:157:19:157:74":70,"s:158:2:158:Infinity":71,"f:161:22:161:38":21,"s:162:19:162:52":72,"s:163:2:163:Infinity":73,"f:166:22:166:40":22,"s:167:19:167:60":74,"s:168:2:168:Infinity":75,"f:171:22:171:34":23,"s:172:19:172:73":76,"s:173:2:173:Infinity":77,"f:176:22:176:33":24,"s:177:19:177:72":78,"s:178:2:178:Infinity":79,"f:181:22:181:37":25,"s:182:19:182:79":80,"s:183:2:183:Infinity":81,"s:187:26:216:Infinity":82,"f:188:19:188:31":26,"s:189:21:189:63":83,"s:190:4:190:Infinity":84,"f:192:20:192:32":27,"s:193:21:193:65":85,"s:194:4:194:Infinity":86,"f:196:19:196:26":28,"b:196:52:196:59":13,"s:197:21:197:108":87,"s:198:4:198:Infinity":88,"f:200:21:200:33":29,"s:201:21:201:66":89,"s:202:4:202:Infinity":90,"f:204:20:204:32":30,"s:205:21:205:64":91,"s:206:4:206:Infinity":92,"f:208:14:208:26":31,"s:209:21:209:58":93,"s:210:4:210:Infinity":94,"f:212:17:212:24":32,"s:213:21:213:71":95,"s:214:4:214:Infinity":96,"s:219:25:260:Infinity":97,"f:220:15:220:27":33,"s:221:21:221:58":98,"s:222:4:222:Infinity":99,"f:224:19:224:31":34,"s:225:21:225:62":100,"s:226:4:226:Infinity":101,"f:228:21:228:28":35,"s:229:21:229:73":102,"s:230:4:230:Infinity":103,"f:232:20:232:32":36,"s:233:21:233:63":104,"s:234:4:234:Infinity":105,"f:236:22:236:29":37,"s:237:21:237:72":106,"s:238:4:238:Infinity":107,"f:240:21:240:33":38,"s:241:21:241:65":108,"s:242:4:242:Infinity":109,"f:244:23:244:30":39,"s:245:21:245:78":110,"s:246:4:246:Infinity":111,"f:248:12:248:24":40,"s:249:21:249:55":112,"s:250:4:250:Infinity":113,"f:252:12:252:24":41,"s:253:21:253:55":114,"s:254:4:254:Infinity":115,"f:256:14:256:26":42,"s:257:21:257:57":116,"s:258:4:258:Infinity":117,"s:263:24:268:Infinity":118,"f:264:10:264:17":43,"s:265:21:265:61":119,"s:266:4:266:Infinity":120,"s:271:32:284:Infinity":121,"f:272:10:272:22":44,"s:273:21:273:56":122,"s:274:4:274:Infinity":123,"f:276:12:276:19":45,"s:277:21:277:68":124,"s:278:4:278:Infinity":125,"f:280:15:280:27":46,"s:281:21:281:66":126,"s:282:4:282:Infinity":127,"s:287:27:304:Infinity":128,"f:288:10:288:22":47,"s:289:21:289:51":129,"s:290:4:290:Infinity":130,"f:292:20:292:32":48,"s:293:21:293:65":131,"s:294:4:294:Infinity":132,"f:296:19:296:26":49,"s:297:21:297:64":133,"s:298:4:298:Infinity":134,"f:300:8:300:15":50,"s:301:21:301:79":135,"s:302:4:302:Infinity":136,"s:307:30:312:Infinity":137,"f:308:10:308:22":51,"s:309:21:309:54":138,"s:310:4:310:Infinity":139,"s:315:27:340:Infinity":140,"f:316:12:316:24":52,"s:317:21:317:57":141,"s:318:4:318:Infinity":142,"f:320:14:320:21":53,"s:321:21:321:68":143,"s:322:4:322:Infinity":144,"f:324:16:324:28":54,"s:325:21:325:62":145,"s:326:4:326:Infinity":146,"f:328:18:328:25":55,"s:329:21:329:74":147,"s:330:4:330:Infinity":148,"f:332:24:332:31":56,"s:333:21:333:73":149,"s:334:4:334:Infinity":150,"f:336:14:336:26":57,"s:337:21:337:59":151,"s:338:4:338:Infinity":152,"f:343:16:343:36":58,"s:344:16:344:Infinity":153,"b:344:59:344:68:344:68:344:74":14,"s:345:13:345:33":154,"s:346:2:346:Infinity":155,"f:346:5:346:20":59,"s:346:20:346:50":156,"s:347:2:347:Infinity":157,"f:347:5:347:18":60,"s:347:26:347:Infinity":158,"s:347:32:347:69":159,"s:348:2:348:Infinity":160,"f:348:5:348:21":61,"s:348:21:348:75":161,"s:349:2:349:Infinity":162,"f:349:5:349:16":62,"s:349:22:349:69":163,"s:350:15:350:112":164,"f:350:15:350:33":63,"b:350:35:350:106:undefined:undefined:undefined:undefined":15,"s:350:35:350:106":165,"s:350:60:350:106":166,"s:351:2:354:Infinity":167,"f:352:4:352:17":64,"s:352:19:352:40":168,"s:352:40:352:Infinity":169,"f:353:4:353:11":65,"b:353:19:353:Infinity:undefined:undefined:undefined:undefined":16,"s:353:19:353:Infinity":170,"s:353:44:353:Infinity":171},"fnNames":{}}}
,"C:\\final fyp idea\\frontend\\src\\components\\AnimatedBorder.jsx": {"path":"C:\\final fyp idea\\frontend\\src\\components\\AnimatedBorder.jsx","statementMap":{"0":{"start":{"line":5,"column":2},"end":{"line":35,"column":null}}},"fnMap":{"0":{"name":"AnimatedBorder","decl":{"start":{"line":4,"column":24},"end":{"line":4,"column":39}},"loc":{"start":{"line":4,"column":81},"end":{"line":35,"column":null}},"line":4}},"branchMap":{"0":{"loc":{"start":{"line":4,"column":51},"end":{"line":4,"column":67}},"type":"default-arg","locations":[{"start":{"line":4,"column":63},"end":{"line":4,"column":67}}],"line":4},"1":{"loc":{"start":{"line":4,"column":67},"end":{"line":4,"column":77}},"type":"default-arg","locations":[{"start":{"line":4,"column":75},"end":{"line":4,"column":77}}],"line":4}},"s":{"0":0},"f":{"0":0},"b":{"0":[0],"1":[0]},"meta":{"lastBranch":2,"lastFunction":1,"lastStatement":1,"seen":{"f:4:24:4:39":0,"b:4:63:4:67":0,"b:4:75:4:77":1,"s:5:2:35:Infinity":0},"fnNames":{}}}
,"C:\\final fyp idea\\frontend\\src\\components\\AutocompleteInput.css": {"path":"C:\\final fyp idea\\frontend\\src\\components\\AutocompleteInput.css","statementMap":{},"fnMap":{},"branchMap":{},"s":{},"f":{},"b":{},"meta":{"lastBranch":0,"lastFunction":0,"lastStatement":0,"seen":{},"fnNames":{}}}
,"C:\\final fyp idea\\frontend\\src\\components\\AutocompleteInput.jsx": {"path":"C:\\final fyp idea\\frontend\\src\\components\\AutocompleteInput.jsx","statementMap":{"0":{"start":{"line":5,"column":12},"end":{"line":5,"column":38}},"1":{"start":{"line":6,"column":2},"end":{"line":6,"column":null}},"2":{"start":{"line":6,"column":10},"end":{"line":6,"column":null}},"3":{"start":{"line":7,"column":2},"end":{"line":7,"column":null}},"4":{"start":{"line":7,"column":19},"end":{"line":7,"column":49}},"5":{"start":{"line":11,"column":17},"end":{"line":11,"column":42}},"6":{"start":{"line":12,"column":20},"end":{"line":12,"column":43}},"7":{"start":{"line":13,"column":21},"end":{"line":13,"column":null}},"8":{"start":{"line":14,"column":2},"end":{"line":14,"column":null}},"9":{"start":{"line":18,"column":17},"end":{"line":18,"column":43}},"10":{"start":{"line":19,"column":16},"end":{"line":19,"column":38}},"11":{"start":{"line":20,"column":17},"end":{"line":20,"column":null}},"12":{"start":{"line":21,"column":17},"end":{"line":21,"column":83}},"13":{"start":{"line":22,"column":8},"end":{"line":22,"column":null}},"14":{"start":{"line":23,"column":2},"end":{"line":23,"column":null}},"15":{"start":{"line":38,"column":15},"end":{"line":38,"column":41}},"16":{"start":{"line":39,"column":20},"end":{"line":39,"column":48}},"17":{"start":{"line":40,"column":16},"end":{"line":40,"column":40}},"18":{"start":{"line":41,"column":8},"end":{"line":41,"column":31}},"19":{"start":{"line":42,"column":8},"end":{"line":42,"column":30}},"20":{"start":{"line":44,"column":8},"end":{"line":47,"column":26}},"21":{"start":{"line":45,"column":4},"end":{"line":45,"column":null}},"22":{"start":{"line":45,"column":16},"end":{"line":45,"column":null}},"23":{"start":{"line":46,"column":4},"end":{"line":46,"column":null}},"24":{"start":{"line":49,"column":2},"end":{"line":54,"column":null}},"25":{"start":{"line":50,"column":4},"end":{"line":52,"column":null}},"26":{"start":{"line":51,"column":17},"end":{"line":51,"column":null}},"27":{"start":{"line":52,"column":6},"end":{"line":52,"column":null}},"28":{"start":{"line":57,"column":16},"end":{"line":57,"column":null}},"29":{"start":{"line":58,"column":16},"end":{"line":58,"column":null}},"30":{"start":{"line":59,"column":4},"end":{"line":59,"column":null}},"31":{"start":{"line":60,"column":22},"end":{"line":60,"column":47}},"32":{"start":{"line":61,"column":4},"end":{"line":61,"column":null}},"33":{"start":{"line":62,"column":4},"end":{"line":62,"column":null}},"34":{"start":{"line":63,"column":4},"end":{"line":63,"column":null}},"35":{"start":{"line":67,"column":4},"end":{"line":67,"column":null}},"36":{"start":{"line":67,"column":40},"end":{"line":67,"column":null}},"37":{"start":{"line":68,"column":4},"end":{"line":79,"column":null}},"38":{"start":{"line":69,"column":6},"end":{"line":69,"column":null}},"39":{"start":{"line":70,"column":6},"end":{"line":70,"column":null}},"40":{"start":{"line":70,"column":19},"end":{"line":70,"column":50}},"41":{"start":{"line":71,"column":15},"end":{"line":79,"column":null}},"42":{"start":{"line":72,"column":6},"end":{"line":72,"column":null}},"43":{"start":{"line":73,"column":6},"end":{"line":73,"column":null}},"44":{"start":{"line":73,"column":19},"end":{"line":73,"column":68}},"45":{"start":{"line":74,"column":15},"end":{"line":79,"column":null}},"46":{"start":{"line":75,"column":6},"end":{"line":75,"column":null}},"47":{"start":{"line":76,"column":6},"end":{"line":76,"column":null}},"48":{"start":{"line":77,"column":15},"end":{"line":79,"column":null}},"49":{"start":{"line":78,"column":6},"end":{"line":78,"column":null}},"50":{"start":{"line":79,"column":6},"end":{"line":79,"column":null}},"51":{"start":{"line":84,"column":18},"end":{"line":84,"column":null}},"52":{"start":{"line":85,"column":16},"end":{"line":85,"column":null}},"53":{"start":{"line":86,"column":38},"end":{"line":86,"column":65}},"54":{"start":{"line":87,"column":19},"end":{"line":87,"column":82}},"55":{"start":{"line":88,"column":4},"end":{"line":88,"column":null}},"56":{"start":{"line":89,"column":4},"end":{"line":89,"column":null}},"57":{"start":{"line":90,"column":4},"end":{"line":90,"column":null}},"58":{"start":{"line":91,"column":4},"end":{"line":91,"column":null}},"59":{"start":{"line":92,"column":4},"end":{"line":95,"column":null}},"60":{"start":{"line":93,"column":6},"end":{"line":93,"column":null}},"61":{"start":{"line":94,"column":6},"end":{"line":94,"column":null}},"62":{"start":{"line":99,"column":18},"end":{"line":99,"column":null}},"63":{"start":{"line":100,"column":4},"end":{"line":104,"column":null}},"64":{"start":{"line":101,"column":18},"end":{"line":101,"column":null}},"65":{"start":{"line":102,"column":24},"end":{"line":102,"column":51}},"66":{"start":{"line":103,"column":6},"end":{"line":103,"column":null}},"67":{"start":{"line":104,"column":6},"end":{"line":104,"column":null}},"68":{"start":{"line":109,"column":4},"end":{"line":109,"column":null}},"69":{"start":{"line":109,"column":50},"end":{"line":109,"column":null}},"70":{"start":{"line":110,"column":4},"end":{"line":110,"column":null}},"71":{"start":{"line":110,"column":21},"end":{"line":110,"column":35}},"72":{"start":{"line":113,"column":14},"end":{"line":113,"column":null}},"73":{"start":{"line":115,"column":2},"end":{"line":154,"column":null}},"74":{"start":{"line":135,"column":22},"end":{"line":135,"column":41}},"75":{"start":{"line":136,"column":24},"end":{"line":136,"column":53}},"76":{"start":{"line":137,"column":27},"end":{"line":137,"column":45}},"77":{"start":{"line":138,"column":26},"end":{"line":138,"column":57}},"78":{"start":{"line":139,"column":26},"end":{"line":139,"column":52}},"79":{"start":{"line":140,"column":12},"end":{"line":151,"column":null}},"80":{"start":{"line":144,"column":38},"end":{"line":144,"column":58}},"81":{"start":{"line":144,"column":58},"end":{"line":144,"column":null}},"82":{"start":{"line":145,"column":36},"end":{"line":145,"column":51}}},"fnMap":{"0":{"name":"matchQuery","decl":{"start":{"line":4,"column":9},"end":{"line":4,"column":20}},"loc":{"start":{"line":4,"column":27},"end":{"line":7,"column":null}},"line":4},"1":{"name":"(anonymous_1)","decl":{"start":{"line":7,"column":2},"end":{"line":7,"column":10}},"loc":{"start":{"line":7,"column":19},"end":{"line":7,"column":49}},"line":7},"2":{"name":"getCurrentToken","decl":{"start":{"line":10,"column":9},"end":{"line":10,"column":25}},"loc":{"start":{"line":10,"column":43},"end":{"line":14,"column":null}},"line":10},"3":{"name":"insertSuggestion","decl":{"start":{"line":17,"column":9},"end":{"line":17,"column":26}},"loc":{"start":{"line":17,"column":79},"end":{"line":23,"column":null}},"line":17},"4":{"name":"AutocompleteInput","decl":{"start":{"line":26,"column":24},"end":{"line":26,"column":42}},"loc":{"start":{"line":37,"column":3},"end":{"line":154,"column":null}},"line":37},"5":{"name":"(anonymous_5)","decl":{"start":{"line":44,"column":19},"end":{"line":44,"column":33}},"loc":{"start":{"line":44,"column":33},"end":{"line":47,"column":6}},"line":44},"6":{"name":"(anonymous_6)","decl":{"start":{"line":49,"column":2},"end":{"line":49,"column":18}},"loc":{"start":{"line":49,"column":18},"end":{"line":54,"column":6}},"line":49},"7":{"name":"handleInput","decl":{"start":{"line":56,"column":11},"end":{"line":56,"column":23}},"loc":{"start":{"line":56,"column":26},"end":{"line":63,"column":null}},"line":56},"8":{"name":"handleKeyDown","decl":{"start":{"line":66,"column":11},"end":{"line":66,"column":25}},"loc":{"start":{"line":66,"column":28},"end":{"line":79,"column":null}},"line":66},"9":{"name":"(anonymous_9)","decl":{"start":{"line":70,"column":6},"end":{"line":70,"column":19}},"loc":{"start":{"line":70,"column":19},"end":{"line":70,"column":50}},"line":70},"10":{"name":"(anonymous_10)","decl":{"start":{"line":73,"column":6},"end":{"line":73,"column":19}},"loc":{"start":{"line":73,"column":19},"end":{"line":73,"column":68}},"line":73},"11":{"name":"selectSuggestion","decl":{"start":{"line":83,"column":11},"end":{"line":83,"column":28}},"loc":{"start":{"line":83,"column":40},"end":{"line":95,"column":null}},"line":83},"12":{"name":"(anonymous_12)","decl":{"start":{"line":92,"column":4},"end":{"line":92,"column":21}},"loc":{"start":{"line":92,"column":21},"end":{"line":95,"column":9}},"line":92},"13":{"name":"handleFocus","decl":{"start":{"line":98,"column":11},"end":{"line":98,"column":25}},"loc":{"start":{"line":98,"column":25},"end":{"line":104,"column":null}},"line":98},"14":{"name":"handleBlur","decl":{"start":{"line":108,"column":11},"end":{"line":108,"column":22}},"loc":{"start":{"line":108,"column":25},"end":{"line":110,"column":null}},"line":108},"15":{"name":"(anonymous_15)","decl":{"start":{"line":110,"column":4},"end":{"line":110,"column":21}},"loc":{"start":{"line":110,"column":21},"end":{"line":110,"column":35}},"line":110},"16":{"name":"(anonymous_16)","decl":{"start":{"line":134,"column":20},"end":{"line":134,"column":25}},"loc":{"start":{"line":134,"column":37},"end":{"line":151,"column":null}},"line":134},"17":{"name":"(anonymous_17)","decl":{"start":{"line":144,"column":16},"end":{"line":144,"column":30}},"loc":{"start":{"line":144,"column":36},"end":{"line":144,"column":null}},"line":144},"18":{"name":"(anonymous_18)","decl":{"start":{"line":145,"column":16},"end":{"line":145,"column":36}},"loc":{"start":{"line":145,"column":36},"end":{"line":145,"column":51}},"line":145}},"branchMap":{"0":{"loc":{"start":{"line":6,"column":2},"end":{"line":6,"column":null}},"type":"if","locations":[{"start":{"line":6,"column":2},"end":{"line":6,"column":null}},{"start":{},"end":{}}],"line":6},"1":{"loc":{"start":{"line":13,"column":21},"end":{"line":13,"column":null}},"type":"cond-expr","locations":[{"start":{"line":13,"column":38},"end":{"line":13,"column":54}},{"start":{"line":13,"column":54},"end":{"line":13,"column":null}}],"line":13},"2":{"loc":{"start":{"line":20,"column":17},"end":{"line":20,"column":null}},"type":"cond-expr","locations":[{"start":{"line":20,"column":29},"end":{"line":20,"column":36}},{"start":{"line":20,"column":36},"end":{"line":20,"column":null}}],"line":20},"3":{"loc":{"start":{"line":27,"column":2},"end":{"line":27,"column":null}},"type":"default-arg","locations":[{"start":{"line":27,"column":10},"end":{"line":27,"column":null}}],"line":27},"4":{"loc":{"start":{"line":29,"column":2},"end":{"line":29,"column":18}},"type":"default-arg","locations":[{"start":{"line":29,"column":16},"end":{"line":29,"column":18}}],"line":29},"5":{"loc":{"start":{"line":31,"column":2},"end":{"line":31,"column":null}},"type":"default-arg","locations":[{"start":{"line":31,"column":14},"end":{"line":31,"column":null}}],"line":31},"6":{"loc":{"start":{"line":32,"column":2},"end":{"line":32,"column":null}},"type":"default-arg","locations":[{"start":{"line":32,"column":14},"end":{"line":32,"column":null}}],"line":32},"7":{"loc":{"start":{"line":33,"column":2},"end":{"line":33,"column":null}},"type":"default-arg","locations":[{"start":{"line":33,"column":13},"end":{"line":33,"column":null}}],"line":33},"8":{"loc":{"start":{"line":36,"column":2},"end":{"line":36,"column":null}},"type":"default-arg","locations":[{"start":{"line":36,"column":13},"end":{"line":36,"column":null}}],"line":36},"9":{"loc":{"start":{"line":45,"column":4},"end":{"line":45,"column":null}},"type":"if","locations":[{"start":{"line":45,"column":4},"end":{"line":45,"column":null}},{"start":{},"end":{}}],"line":45},"10":{"loc":{"start":{"line":50,"column":4},"end":{"line":52,"column":null}},"type":"if","locations":[{"start":{"line":50,"column":4},"end":{"line":52,"column":null}},{"start":{},"end":{}}],"line":50},"11":{"loc":{"start":{"line":50,"column":8},"end":{"line":50,"column":47}},"type":"binary-expr","locations":[{"start":{"line":50,"column":8},"end":{"line":50,"column":31}},{"start":{"line":50,"column":31},"end":{"line":50,"column":47}}],"line":50},"12":{"loc":{"start":{"line":62,"column":12},"end":{"line":62,"column":55}},"type":"binary-expr","locations":[{"start":{"line":62,"column":12},"end":{"line":62,"column":32}},{"start":{"line":62,"column":32},"end":{"line":62,"column":55}}],"line":62},"13":{"loc":{"start":{"line":67,"column":4},"end":{"line":67,"column":null}},"type":"if","locations":[{"start":{"line":67,"column":4},"end":{"line":67,"column":null}},{"start":{},"end":{}}],"line":67},"14":{"loc":{"start":{"line":67,"column":8},"end":{"line":67,"column":40}},"type":"binary-expr","locations":[{"start":{"line":67,"column":8},"end":{"line":67,"column":17}},{"start":{"line":67,"column":17},"end":{"line":67,"column":40}}],"line":67},"15":{"loc":{"start":{"line":68,"column":4},"end":{"line":79,"column":null}},"type":"if","locations":[{"start":{"line":68,"column":4},"end":{"line":79,"column":null}},{"start":{"line":71,"column":15},"end":{"line":79,"column":null}}],"line":68},"16":{"loc":{"start":{"line":71,"column":15},"end":{"line":79,"column":null}},"type":"if","locations":[{"start":{"line":71,"column":15},"end":{"line":79,"column":null}},{"start":{"line":74,"column":15},"end":{"line":79,"column":null}}],"line":71},"17":{"loc":{"start":{"line":74,"column":15},"end":{"line":79,"column":null}},"type":"if","locations":[{"start":{"line":74,"column":15},"end":{"line":79,"column":null}},{"start":{"line":77,"column":15},"end":{"line":79,"column":null}}],"line":74},"18":{"loc":{"start":{"line":74,"column":15},"end":{"line":74,"column":52}},"type":"binary-expr","locations":[{"start":{"line":74,"column":15},"end":{"line":74,"column":36}},{"start":{"line":74,"column":36},"end":{"line":74,"column":52}}],"line":74},"19":{"loc":{"start":{"line":77,"column":15},"end":{"line":79,"column":null}},"type":"if","locations":[{"start":{"line":77,"column":15},"end":{"line":79,"column":null}},{"start":{},"end":{}}],"line":77},"20":{"loc":{"start":{"line":85,"column":16},"end":{"line":85,"column":null}},"type":"binary-expr","locations":[{"start":{"line":85,"column":16},"end":{"line":85,"column":41}},{"start":{"line":85,"column":41},"end":{"line":85,"column":null}}],"line":85},"21":{"loc":{"start":{"line":100,"column":4},"end":{"line":104,"column":null}},"type":"if","locations":[{"start":{"line":100,"column":4},"end":{"line":104,"column":null}},{"start":{},"end":{}}],"line":100},"22":{"loc":{"start":{"line":101,"column":18},"end":{"line":101,"column":null}},"type":"binary-expr","locations":[{"start":{"line":101,"column":18},"end":{"line":101,"column":42}},{"start":{"line":101,"column":42},"end":{"line":101,"column":null}}],"line":101},"23":{"loc":{"start":{"line":104,"column":14},"end":{"line":104,"column":57}},"type":"binary-expr","locations":[{"start":{"line":104,"column":14},"end":{"line":104,"column":34}},{"start":{"line":104,"column":34},"end":{"line":104,"column":57}}],"line":104},"24":{"loc":{"start":{"line":109,"column":4},"end":{"line":109,"column":null}},"type":"if","locations":[{"start":{"line":109,"column":4},"end":{"line":109,"column":null}},{"start":{},"end":{}}],"line":109},"25":{"loc":{"start":{"line":113,"column":14},"end":{"line":113,"column":null}},"type":"cond-expr","locations":[{"start":{"line":113,"column":26},"end":{"line":113,"column":39}},{"start":{"line":113,"column":39},"end":{"line":113,"column":null}}],"line":113},"26":{"loc":{"start":{"line":116,"column":36},"end":{"line":116,"column":null}},"type":"cond-expr","locations":[{"start":{"line":116,"column":48},"end":{"line":116,"column":66}},{"start":{"line":116,"column":66},"end":{"line":116,"column":null}}],"line":116},"27":{"loc":{"start":{"line":120,"column":20},"end":{"line":120,"column":66}},"type":"cond-expr","locations":[{"start":{"line":120,"column":32},"end":{"line":120,"column":50}},{"start":{"line":120,"column":50},"end":{"line":120,"column":66}}],"line":120},"28":{"loc":{"start":{"line":129,"column":14},"end":{"line":129,"column":null}},"type":"cond-expr","locations":[{"start":{"line":129,"column":26},"end":{"line":129,"column":30}},{"start":{"line":129,"column":30},"end":{"line":129,"column":null}}],"line":129},"29":{"loc":{"start":{"line":132,"column":7},"end":{"line":154,"column":null}},"type":"binary-expr","locations":[{"start":{"line":132,"column":7},"end":{"line":132,"column":15}},{"start":{"line":132,"column":15},"end":{"line":132,"column":null}},{"start":{"line":133,"column":8},"end":{"line":154,"column":null}}],"line":132},"30":{"loc":{"start":{"line":143,"column":42},"end":{"line":143,"column":null}},"type":"cond-expr","locations":[{"start":{"line":143,"column":60},"end":{"line":143,"column":75}},{"start":{"line":143,"column":75},"end":{"line":143,"column":null}}],"line":143}},"s":{"0":8,"1":8,"2":0,"3":8,"4":55,"5":10,"6":10,"7":10,"8":10,"9":1,"10":1,"11":1,"12":1,"13":1,"14":1,"15":29,"16":29,"17":29,"18":29,"19":29,"20":29,"21":25,"22":17,"23":8,"24":29,"25":28,"26":3,"27":3,"28":1,"29":1,"30":1,"31":1,"32":1,"33":1,"34":1,"35":4,"36":0,"37":4,"38":2,"39":2,"40":2,"41":2,"42":1,"43":1,"44":1,"45":1,"46":0,"47":0,"48":1,"49":1,"50":1,"51":1,"52":1,"53":1,"54":1,"55":1,"56":1,"57":1,"58":1,"59":1,"60":1,"61":1,"62":8,"63":8,"64":8,"65":8,"66":8,"67":8,"68":0,"69":0,"70":0,"71":0,"72":29,"73":29,"74":28,"75":28,"76":28,"77":28,"78":28,"79":28,"80":1,"81":1,"82":0},"f":{"0":8,"1":55,"2":10,"3":1,"4":29,"5":25,"6":28,"7":1,"8":4,"9":2,"10":1,"11":1,"12":1,"13":8,"14":0,"15":0,"16":28,"17":1,"18":0},"b":{"0":[0,8],"1":[0,10],"2":[0,1],"3":[29],"4":[29],"5":[29],"6":[29],"7":[29],"8":[29],"9":[17,8],"10":[3,25],"11":[28,11],"12":[1,1],"13":[0,4],"14":[4,4],"15":[2,2],"16":[1,1],"17":[0,1],"18":[1,0],"19":[1,0],"20":[1,0],"21":[8,0],"22":[8,1],"23":[8,7],"24":[0,0],"25":[1,28],"26":[0,29],"27":[1,28],"28":[1,28],"29":[29,11,11],"30":[3,25]},"meta":{"lastBranch":31,"lastFunction":19,"lastStatement":83,"seen":{"f:4:9:4:20":0,"s:5:12:5:38":0,"b:6:2:6:Infinity:undefined:undefined:undefined:undefined":0,"s:6:2:6:Infinity":1,"s:6:10:6:Infinity":2,"s:7:2:7:Infinity":3,"f:7:2:7:10":1,"s:7:19:7:49":4,"f:10:9:10:25":2,"s:11:17:11:42":5,"s:12:20:12:43":6,"s:13:21:13:Infinity":7,"b:13:38:13:54:13:54:13:Infinity":1,"s:14:2:14:Infinity":8,"f:17:9:17:26":3,"s:18:17:18:43":9,"s:19:16:19:38":10,"s:20:17:20:Infinity":11,"b:20:29:20:36:20:36:20:Infinity":2,"s:21:17:21:83":12,"s:22:8:22:Infinity":13,"s:23:2:23:Infinity":14,"f:26:24:26:42":4,"b:27:10:27:Infinity":3,"b:29:16:29:18":4,"b:31:14:31:Infinity":5,"b:32:14:32:Infinity":6,"b:33:13:33:Infinity":7,"b:36:13:36:Infinity":8,"s:38:15:38:41":15,"s:39:20:39:48":16,"s:40:16:40:40":17,"s:41:8:41:31":18,"s:42:8:42:30":19,"s:44:8:47:26":20,"f:44:19:44:33":5,"b:45:4:45:Infinity:undefined:undefined:undefined:undefined":9,"s:45:4:45:Infinity":21,"s:45:16:45:Infinity":22,"s:46:4:46:Infinity":23,"s:49:2:54:Infinity":24,"f:49:2:49:18":6,"b:50:4:52:Infinity:undefined:undefined:undefined:undefined":10,"s:50:4:52:Infinity":25,"b:50:8:50:31:50:31:50:47":11,"s:51:17:51:Infinity":26,"s:52:6:52:Infinity":27,"f:56:11:56:23":7,"s:57:16:57:Infinity":28,"s:58:16:58:Infinity":29,"s:59:4:59:Infinity":30,"s:60:22:60:47":31,"s:61:4:61:Infinity":32,"s:62:4:62:Infinity":33,"b:62:12:62:32:62:32:62:55":12,"s:63:4:63:Infinity":34,"f:66:11:66:25":8,"b:67:4:67:Infinity:undefined:undefined:undefined:undefined":13,"s:67:4:67:Infinity":35,"b:67:8:67:17:67:17:67:40":14,"s:67:40:67:Infinity":36,"b:68:4:79:Infinity:71:15:79:Infinity":15,"s:68:4:79:Infinity":37,"s:69:6:69:Infinity":38,"s:70:6:70:Infinity":39,"f:70:6:70:19":9,"s:70:19:70:50":40,"b:71:15:79:Infinity:74:15:79:Infinity":16,"s:71:15:79:Infinity":41,"s:72:6:72:Infinity":42,"s:73:6:73:Infinity":43,"f:73:6:73:19":10,"s:73:19:73:68":44,"b:74:15:79:Infinity:77:15:79:Infinity":17,"s:74:15:79:Infinity":45,"b:74:15:74:36:74:36:74:52":18,"s:75:6:75:Infinity":46,"s:76:6:76:Infinity":47,"b:77:15:79:Infinity:undefined:undefined:undefined:undefined":19,"s:77:15:79:Infinity":48,"s:78:6:78:Infinity":49,"s:79:6:79:Infinity":50,"f:83:11:83:28":11,"s:84:18:84:Infinity":51,"s:85:16:85:Infinity":52,"b:85:16:85:41:85:41:85:Infinity":20,"s:86:38:86:65":53,"s:87:19:87:82":54,"s:88:4:88:Infinity":55,"s:89:4:89:Infinity":56,"s:90:4:90:Infinity":57,"s:91:4:91:Infinity":58,"s:92:4:95:Infinity":59,"f:92:4:92:21":12,"s:93:6:93:Infinity":60,"s:94:6:94:Infinity":61,"f:98:11:98:25":13,"s:99:18:99:Infinity":62,"b:100:4:104:Infinity:undefined:undefined:undefined:undefined":21,"s:100:4:104:Infinity":63,"s:101:18:101:Infinity":64,"b:101:18:101:42:101:42:101:Infinity":22,"s:102:24:102:51":65,"s:103:6:103:Infinity":66,"s:104:6:104:Infinity":67,"b:104:14:104:34:104:34:104:57":23,"f:108:11:108:22":14,"b:109:4:109:Infinity:undefined:undefined:undefined:undefined":24,"s:109:4:109:Infinity":68,"s:109:50:109:Infinity":69,"s:110:4:110:Infinity":70,"f:110:4:110:21":15,"s:110:21:110:35":71,"s:113:14:113:Infinity":72,"b:113:26:113:39:113:39:113:Infinity":25,"s:115:2:154:Infinity":73,"b:116:48:116:66:116:66:116:Infinity":26,"b:120:32:120:50:120:50:120:66":27,"b:129:26:129:30:129:30:129:Infinity":28,"b:132:7:132:15:132:15:132:Infinity:133:8:154:Infinity":29,"f:134:20:134:25":16,"s:135:22:135:41":74,"s:136:24:136:53":75,"s:137:27:137:45":76,"s:138:26:138:57":77,"s:139:26:139:52":78,"s:140:12:151:Infinity":79,"b:143:60:143:75:143:75:143:Infinity":30,"f:144:16:144:30":17,"s:144:38:144:58":80,"s:144:58:144:Infinity":81,"f:145:16:145:36":18,"s:145:36:145:51":82},"fnNames":{}}}
,"C:\\final fyp idea\\frontend\\src\\components\\ErrorBoundary.jsx": {"path":"C:\\final fyp idea\\frontend\\src\\components\\ErrorBoundary.jsx","statementMap":{"0":{"start":{"line":5,"column":4},"end":{"line":5,"column":null}},"1":{"start":{"line":6,"column":4},"end":{"line":6,"column":null}},"2":{"start":{"line":10,"column":4},"end":{"line":10,"column":null}},"3":{"start":{"line":14,"column":4},"end":{"line":14,"column":null}},"4":{"start":{"line":18,"column":4},"end":{"line":53,"column":null}},"5":{"start":{"line":19,"column":6},"end":{"line":53,"column":null}},"6":{"start":{"line":32,"column":27},"end":{"line":32,"column":null}},"7":{"start":{"line":40,"column":27},"end":{"line":40,"column":74}},"8":{"start":{"line":58,"column":4},"end":{"line":58,"column":null}}},"fnMap":{"0":{"name":"constructor","decl":{"start":{"line":4,"column":2},"end":{"line":4,"column":14}},"loc":{"start":{"line":4,"column":21},"end":{"line":6,"column":null}},"line":4},"1":{"name":"getDerivedStateFromError","decl":{"start":{"line":9,"column":9},"end":{"line":9,"column":34}},"loc":{"start":{"line":9,"column":41},"end":{"line":10,"column":null}},"line":9},"2":{"name":"componentDidCatch","decl":{"start":{"line":13,"column":2},"end":{"line":13,"column":20}},"loc":{"start":{"line":13,"column":38},"end":{"line":14,"column":null}},"line":13},"3":{"name":"render","decl":{"start":{"line":17,"column":2},"end":{"line":17,"column":11}},"loc":{"start":{"line":17,"column":11},"end":{"line":58,"column":null}},"line":17},"4":{"name":"(anonymous_4)","decl":{"start":{"line":32,"column":12},"end":{"line":32,"column":27}},"loc":{"start":{"line":32,"column":27},"end":{"line":32,"column":null}},"line":32},"5":{"name":"(anonymous_5)","decl":{"start":{"line":40,"column":12},"end":{"line":40,"column":27}},"loc":{"start":{"line":40,"column":27},"end":{"line":40,"column":74}},"line":40}},"branchMap":{"0":{"loc":{"start":{"line":18,"column":4},"end":{"line":53,"column":null}},"type":"if","locations":[{"start":{"line":18,"column":4},"end":{"line":53,"column":null}},{"start":{},"end":{}}],"line":18},"1":{"loc":{"start":{"line":47,"column":11},"end":{"line":53,"column":null}},"type":"binary-expr","locations":[{"start":{"line":47,"column":11},"end":{"line":47,"column":null}},{"start":{"line":48,"column":12},"end":{"line":53,"column":null}}],"line":47},"2":{"loc":{"start":{"line":52,"column":15},"end":{"line":52,"column":null}},"type":"cond-expr","locations":[{"start":{"line":52,"column":37},"end":{"line":52,"column":64}},{"start":{"line":52,"column":64},"end":{"line":52,"column":null}}],"line":52}},"s":{"0":12,"1":12,"2":10,"3":5,"4":21,"5":10,"6":0,"7":0,"8":11},"f":{"0":12,"1":1,"2":5,"3":21,"4":0,"5":0},"b":{"0":[10,11],"1":[10,10],"2":[10,0]},"meta":{"lastBranch":3,"lastFunction":6,"lastStatement":9,"seen":{"f:4:2:4:14":0,"s:5:4:5:Infinity":0,"s:6:4:6:Infinity":1,"f:9:9:9:34":1,"s:10:4:10:Infinity":2,"f:13:2:13:20":2,"s:14:4:14:Infinity":3,"f:17:2:17:11":3,"b:18:4:53:Infinity:undefined:undefined:undefined:undefined":0,"s:18:4:53:Infinity":4,"s:19:6:53:Infinity":5,"f:32:12:32:27":4,"s:32:27:32:Infinity":6,"f:40:12:40:27":5,"s:40:27:40:74":7,"b:47:11:47:Infinity:48:12:53:Infinity":1,"b:52:37:52:64:52:64:52:Infinity":2,"s:58:4:58:Infinity":8},"fnNames":{}}}
,"C:\\final fyp idea\\frontend\\src\\components\\Logo.jsx": {"path":"C:\\final fyp idea\\frontend\\src\\components\\Logo.jsx","statementMap":{"0":{"start":{"line":8,"column":8},"end":{"line":8,"column":29}},"1":{"start":{"line":9,"column":18},"end":{"line":9,"column":47}},"2":{"start":{"line":11,"column":2},"end":{"line":68,"column":null}},"3":{"start":{"line":12,"column":4},"end":{"line":12,"column":null}},"4":{"start":{"line":12,"column":37},"end":{"line":12,"column":null}},"5":{"start":{"line":13,"column":16},"end":{"line":13,"column":null}},"6":{"start":{"line":15,"column":12},"end":{"line":15,"column":null}},"7":{"start":{"line":18,"column":6},"end":{"line":18,"column":null}},"8":{"start":{"line":21,"column":19},"end":{"line":21,"column":50}},"9":{"start":{"line":22,"column":6},"end":{"line":27,"column":null}},"10":{"start":{"line":23,"column":18},"end":{"line":23,"column":null}},"11":{"start":{"line":24,"column":8},"end":{"line":24,"column":null}},"12":{"start":{"line":25,"column":8},"end":{"line":25,"column":null}},"13":{"start":{"line":26,"column":8},"end":{"line":26,"column":null}},"14":{"start":{"line":27,"column":8},"end":{"line":27,"column":null}},"15":{"start":{"line":31,"column":20},"end":{"line":31,"column":52}},"16":{"start":{"line":32,"column":6},"end":{"line":34,"column":null}},"17":{"start":{"line":33,"column":22},"end":{"line":33,"column":null}},"18":{"start":{"line":34,"column":8},"end":{"line":34,"column":null}},"19":{"start":{"line":38,"column":21},"end":{"line":38,"column":56}},"20":{"start":{"line":39,"column":6},"end":{"line":47,"column":null}},"21":{"start":{"line":40,"column":22},"end":{"line":40,"column":null}},"22":{"start":{"line":41,"column":18},"end":{"line":41,"column":null}},"23":{"start":{"line":42,"column":18},"end":{"line":42,"column":null}},"24":{"start":{"line":43,"column":8},"end":{"line":43,"column":null}},"25":{"start":{"line":44,"column":8},"end":{"line":44,"column":null}},"26":{"start":{"line":45,"column":19},"end":{"line":45,"column":null}},"27":{"start":{"line":46,"column":8},"end":{"line":46,"column":null}},"28":{"start":{"line":50,"column":23},"end":{"line":50,"column":60}},"29":{"start":{"line":51,"column":6},"end":{"line":56,"column":null}},"30":{"start":{"line":52,"column":22},"end":{"line":52,"column":null}},"31":{"start":{"line":53,"column":24},"end":{"line":53,"column":47}},"32":{"start":{"line":54,"column":8},"end":{"line":54,"column":null}},"33":{"start":{"line":55,"column":8},"end":{"line":55,"column":null}},"34":{"start":{"line":59,"column":20},"end":{"line":59,"column":53}},"35":{"start":{"line":60,"column":20},"end":{"line":60,"column":53}},"36":{"start":{"line":61,"column":6},"end":{"line":61,"column":null}},"37":{"start":{"line":61,"column":17},"end":{"line":61,"column":null}},"38":{"start":{"line":62,"column":6},"end":{"line":62,"column":null}},"39":{"start":{"line":62,"column":17},"end":{"line":62,"column":null}},"40":{"start":{"line":64,"column":6},"end":{"line":64,"column":null}},"41":{"start":{"line":66,"column":4},"end":{"line":66,"column":null}},"42":{"start":{"line":67,"column":4},"end":{"line":67,"column":null}},"43":{"start":{"line":67,"column":17},"end":{"line":67,"column":44}},"44":{"start":{"line":70,"column":17},"end":{"line":70,"column":null}},"45":{"start":{"line":71,"column":15},"end":{"line":71,"column":null}},"46":{"start":{"line":72,"column":17},"end":{"line":72,"column":null}},"47":{"start":{"line":73,"column":18},"end":{"line":73,"column":null}},"48":{"start":{"line":75,"column":2},"end":{"line":273,"column":null}},"49":{"start":{"line":79,"column":26},"end":{"line":79,"column":42}},"50":{"start":{"line":80,"column":26},"end":{"line":80,"column":43}},"51":{"start":{"line":191,"column":10},"end":{"line":199,"column":null}},"52":{"start":{"line":213,"column":10},"end":{"line":216,"column":null}},"53":{"start":{"line":233,"column":10},"end":{"line":240,"column":null}}},"fnMap":{"0":{"name":"Logo","decl":{"start":{"line":7,"column":24},"end":{"line":7,"column":29}},"loc":{"start":{"line":7,"column":95},"end":{"line":273,"column":null}},"line":7},"1":{"name":"(anonymous_1)","decl":{"start":{"line":11,"column":2},"end":{"line":11,"column":18}},"loc":{"start":{"line":11,"column":18},"end":{"line":68,"column":6}},"line":11},"2":{"name":"tick","decl":{"start":{"line":17,"column":13},"end":{"line":17,"column":20}},"loc":{"start":{"line":17,"column":20},"end":{"line":64,"column":null}},"line":17},"3":{"name":"(anonymous_3)","decl":{"start":{"line":39,"column":13},"end":{"line":39,"column":22}},"loc":{"start":{"line":39,"column":31},"end":{"line":47,"column":null}},"line":39},"4":{"name":"(anonymous_4)","decl":{"start":{"line":51,"column":15},"end":{"line":51,"column":24}},"loc":{"start":{"line":51,"column":33},"end":{"line":56,"column":null}},"line":51},"5":{"name":"(anonymous_5)","decl":{"start":{"line":67,"column":4},"end":{"line":67,"column":17}},"loc":{"start":{"line":67,"column":17},"end":{"line":67,"column":44}},"line":67},"6":{"name":"(anonymous_6)","decl":{"start":{"line":79,"column":6},"end":{"line":79,"column":26}},"loc":{"start":{"line":79,"column":26},"end":{"line":79,"column":42}},"line":79},"7":{"name":"(anonymous_7)","decl":{"start":{"line":80,"column":6},"end":{"line":80,"column":26}},"loc":{"start":{"line":80,"column":26},"end":{"line":80,"column":43}},"line":80},"8":{"name":"(anonymous_8)","decl":{"start":{"line":190,"column":28},"end":{"line":190,"column":32}},"loc":{"start":{"line":191,"column":10},"end":{"line":199,"column":null}},"line":191},"9":{"name":"(anonymous_9)","decl":{"start":{"line":212,"column":10},"end":{"line":212,"column":15}},"loc":{"start":{"line":213,"column":10},"end":{"line":216,"column":null}},"line":213},"10":{"name":"(anonymous_10)","decl":{"start":{"line":232,"column":30},"end":{"line":232,"column":34}},"loc":{"start":{"line":233,"column":10},"end":{"line":240,"column":null}},"line":233}},"branchMap":{"0":{"loc":{"start":{"line":7,"column":31},"end":{"line":7,"column":42}},"type":"default-arg","locations":[{"start":{"line":7,"column":38},"end":{"line":7,"column":42}}],"line":7},"1":{"loc":{"start":{"line":7,"column":42},"end":{"line":7,"column":58}},"type":"default-arg","locations":[{"start":{"line":7,"column":54},"end":{"line":7,"column":58}}],"line":7},"2":{"loc":{"start":{"line":7,"column":58},"end":{"line":7,"column":76}},"type":"default-arg","locations":[{"start":{"line":7,"column":69},"end":{"line":7,"column":76}}],"line":7},"3":{"loc":{"start":{"line":7,"column":76},"end":{"line":7,"column":95}},"type":"default-arg","locations":[{"start":{"line":7,"column":86},"end":{"line":7,"column":95}}],"line":7},"4":{"loc":{"start":{"line":12,"column":4},"end":{"line":12,"column":null}},"type":"if","locations":[{"start":{"line":12,"column":4},"end":{"line":12,"column":null}},{"start":{},"end":{}}],"line":12},"5":{"loc":{"start":{"line":12,"column":8},"end":{"line":12,"column":37}},"type":"binary-expr","locations":[{"start":{"line":12,"column":8},"end":{"line":12,"column":20}},{"start":{"line":12,"column":20},"end":{"line":12,"column":37}}],"line":12},"6":{"loc":{"start":{"line":22,"column":6},"end":{"line":27,"column":null}},"type":"if","locations":[{"start":{"line":22,"column":6},"end":{"line":27,"column":null}},{"start":{},"end":{}}],"line":22},"7":{"loc":{"start":{"line":32,"column":6},"end":{"line":34,"column":null}},"type":"if","locations":[{"start":{"line":32,"column":6},"end":{"line":34,"column":null}},{"start":{},"end":{}}],"line":32},"8":{"loc":{"start":{"line":61,"column":6},"end":{"line":61,"column":null}},"type":"if","locations":[{"start":{"line":61,"column":6},"end":{"line":61,"column":null}},{"start":{},"end":{}}],"line":61},"9":{"loc":{"start":{"line":62,"column":6},"end":{"line":62,"column":null}},"type":"if","locations":[{"start":{"line":62,"column":6},"end":{"line":62,"column":null}},{"start":{},"end":{}}],"line":62},"10":{"loc":{"start":{"line":78,"column":66},"end":{"line":78,"column":86}},"type":"cond-expr","locations":[{"start":{"line":78,"column":78},"end":{"line":78,"column":83}},{"start":{"line":78,"column":83},"end":{"line":78,"column":86}}],"line":78},"11":{"loc":{"start":{"line":90,"column":18},"end":{"line":92,"column":null}},"type":"cond-expr","locations":[{"start":{"line":91,"column":14},"end":{"line":91,"column":null}},{"start":{"line":92,"column":14},"end":{"line":92,"column":null}}],"line":90},"12":{"loc":{"start":{"line":91,"column":33},"end":{"line":91,"column":51}},"type":"cond-expr","locations":[{"start":{"line":91,"column":43},"end":{"line":91,"column":48}},{"start":{"line":91,"column":48},"end":{"line":91,"column":51}}],"line":91},"13":{"loc":{"start":{"line":179,"column":11},"end":{"line":185,"column":null}},"type":"binary-expr","locations":[{"start":{"line":179,"column":11},"end":{"line":179,"column":null}},{"start":{"line":180,"column":12},"end":{"line":185,"column":null}}],"line":179},"14":{"loc":{"start":{"line":197,"column":18},"end":{"line":197,"column":null}},"type":"cond-expr","locations":[{"start":{"line":197,"column":32},"end":{"line":197,"column":44}},{"start":{"line":197,"column":44},"end":{"line":197,"column":null}}],"line":197},"15":{"loc":{"start":{"line":232,"column":9},"end":{"line":240,"column":null}},"type":"binary-expr","locations":[{"start":{"line":232,"column":9},"end":{"line":232,"column":20}},{"start":{"line":232,"column":20},"end":{"line":240,"column":null}}],"line":232},"16":{"loc":{"start":{"line":244,"column":7},"end":{"line":264,"column":null}},"type":"binary-expr","locations":[{"start":{"line":244,"column":7},"end":{"line":244,"column":null}},{"start":{"line":245,"column":8},"end":{"line":264,"column":null}}],"line":244},"17":{"loc":{"start":{"line":247,"column":22},"end":{"line":247,"column":null}},"type":"cond-expr","locations":[{"start":{"line":247,"column":34},"end":{"line":247,"column":46}},{"start":{"line":247,"column":46},"end":{"line":247,"column":null}}],"line":247},"18":{"loc":{"start":{"line":255,"column":20},"end":{"line":255,"column":null}},"type":"cond-expr","locations":[{"start":{"line":255,"column":30},"end":{"line":255,"column":76}},{"start":{"line":255,"column":76},"end":{"line":255,"column":null}}],"line":255},"19":{"loc":{"start":{"line":257,"column":11},"end":{"line":264,"column":null}},"type":"binary-expr","locations":[{"start":{"line":257,"column":11},"end":{"line":257,"column":null}},{"start":{"line":258,"column":12},"end":{"line":264,"column":null}}],"line":257}},"s":{"0":36,"1":36,"2":36,"3":29,"4":29,"5":0,"6":0,"7":0,"8":0,"9":0,"10":0,"11":0,"12":0,"13":0,"14":0,"15":0,"16":0,"17":0,"18":0,"19":0,"20":0,"21":0,"22":0,"23":0,"24":0,"25":0,"26":0,"27":0,"28":0,"29":0,"30":0,"31":0,"32":0,"33":0,"34":0,"35":0,"36":0,"37":0,"38":0,"39":0,"40":0,"41":0,"42":0,"43":0,"44":36,"45":36,"46":36,"47":36,"48":36,"49":0,"50":0,"51":216,"52":288,"53":0},"f":{"0":36,"1":29,"2":0,"3":0,"4":0,"5":0,"6":0,"7":0,"8":216,"9":288,"10":0},"b":{"0":[36],"1":[36],"2":[36],"3":[36],"4":[29,0],"5":[29,0],"6":[0,0],"7":[0,0],"8":[0,0],"9":[0,0],"10":[27,9],"11":[0,36],"12":[0,0],"13":[36,0],"14":[108,108],"15":[36,0],"16":[36,3],"17":[2,1],"18":[0,3],"19":[3,2]},"meta":{"lastBranch":20,"lastFunction":11,"lastStatement":54,"seen":{"f:7:24:7:29":0,"b:7:38:7:42":0,"b:7:54:7:58":1,"b:7:69:7:76":2,"b:7:86:7:95":3,"s:8:8:8:29":0,"s:9:18:9:47":1,"s:11:2:68:Infinity":2,"f:11:2:11:18":1,"b:12:4:12:Infinity:undefined:undefined:undefined:undefined":4,"s:12:4:12:Infinity":3,"b:12:8:12:20:12:20:12:37":5,"s:12:37:12:Infinity":4,"s:13:16:13:Infinity":5,"s:15:12:15:Infinity":6,"f:17:13:17:20":2,"s:18:6:18:Infinity":7,"s:21:19:21:50":8,"b:22:6:27:Infinity:undefined:undefined:undefined:undefined":6,"s:22:6:27:Infinity":9,"s:23:18:23:Infinity":10,"s:24:8:24:Infinity":11,"s:25:8:25:Infinity":12,"s:26:8:26:Infinity":13,"s:27:8:27:Infinity":14,"s:31:20:31:52":15,"b:32:6:34:Infinity:undefined:undefined:undefined:undefined":7,"s:32:6:34:Infinity":16,"s:33:22:33:Infinity":17,"s:34:8:34:Infinity":18,"s:38:21:38:56":19,"s:39:6:47:Infinity":20,"f:39:13:39:22":3,"s:40:22:40:Infinity":21,"s:41:18:41:Infinity":22,"s:42:18:42:Infinity":23,"s:43:8:43:Infinity":24,"s:44:8:44:Infinity":25,"s:45:19:45:Infinity":26,"s:46:8:46:Infinity":27,"s:50:23:50:60":28,"s:51:6:56:Infinity":29,"f:51:15:51:24":4,"s:52:22:52:Infinity":30,"s:53:24:53:47":31,"s:54:8:54:Infinity":32,"s:55:8:55:Infinity":33,"s:59:20:59:53":34,"s:60:20:60:53":35,"b:61:6:61:Infinity:undefined:undefined:undefined:undefined":8,"s:61:6:61:Infinity":36,"s:61:17:61:Infinity":37,"b:62:6:62:Infinity:undefined:undefined:undefined:undefined":9,"s:62:6:62:Infinity":38,"s:62:17:62:Infinity":39,"s:64:6:64:Infinity":40,"s:66:4:66:Infinity":41,"s:67:4:67:Infinity":42,"f:67:4:67:17":5,"s:67:17:67:44":43,"s:70:17:70:Infinity":44,"s:71:15:71:Infinity":45,"s:72:17:72:Infinity":46,"s:73:18:73:Infinity":47,"s:75:2:273:Infinity":48,"b:78:78:78:83:78:83:78:86":10,"f:79:6:79:26":6,"s:79:26:79:42":49,"f:80:6:80:26":7,"s:80:26:80:43":50,"b:91:14:91:Infinity:92:14:92:Infinity":11,"b:91:43:91:48:91:48:91:51":12,"b:179:11:179:Infinity:180:12:185:Infinity":13,"f:190:28:190:32":8,"s:191:10:199:Infinity":51,"b:197:32:197:44:197:44:197:Infinity":14,"f:212:10:212:15":9,"s:213:10:216:Infinity":52,"b:232:9:232:20:232:20:240:Infinity":15,"f:232:30:232:34":10,"s:233:10:240:Infinity":53,"b:244:7:244:Infinity:245:8:264:Infinity":16,"b:247:34:247:46:247:46:247:Infinity":17,"b:255:30:255:76:255:76:255:Infinity":18,"b:257:11:257:Infinity:258:12:264:Infinity":19},"fnNames":{}}}
,"C:\\final fyp idea\\frontend\\src\\components\\Navbar.jsx": {"path":"C:\\final fyp idea\\frontend\\src\\components\\Navbar.jsx","statementMap":{"0":{"start":{"line":6,"column":19},"end":{"line":30,"column":null}},"1":{"start":{"line":33,"column":10},"end":{"line":33,"column":36}},"2":{"start":{"line":34,"column":8},"end":{"line":34,"column":32}},"3":{"start":{"line":35,"column":10},"end":{"line":35,"column":28}},"4":{"start":{"line":37,"column":16},"end":{"line":39,"column":null}},"5":{"start":{"line":41,"column":2},"end":{"line":91,"column":null}},"6":{"start":{"line":45,"column":55},"end":{"line":45,"column":68}},"7":{"start":{"line":49,"column":94},"end":{"line":49,"column":107}},"8":{"start":{"line":61,"column":58},"end":{"line":61,"column":76}},"9":{"start":{"line":87,"column":61},"end":{"line":87,"column":87}},"10":{"start":{"line":88,"column":61},"end":{"line":88,"column":82}}},"fnMap":{"0":{"name":"Navbar","decl":{"start":{"line":32,"column":24},"end":{"line":32,"column":33}},"loc":{"start":{"line":32,"column":33},"end":{"line":91,"column":null}},"line":32},"1":{"name":"(anonymous_1)","decl":{"start":{"line":45,"column":40},"end":{"line":45,"column":55}},"loc":{"start":{"line":45,"column":55},"end":{"line":45,"column":68}},"line":45},"2":{"name":"(anonymous_2)","decl":{"start":{"line":49,"column":79},"end":{"line":49,"column":94}},"loc":{"start":{"line":49,"column":94},"end":{"line":49,"column":107}},"line":49},"3":{"name":"(anonymous_3)","decl":{"start":{"line":61,"column":43},"end":{"line":61,"column":58}},"loc":{"start":{"line":61,"column":58},"end":{"line":61,"column":76}},"line":61},"4":{"name":"(anonymous_4)","decl":{"start":{"line":87,"column":46},"end":{"line":87,"column":61}},"loc":{"start":{"line":87,"column":61},"end":{"line":87,"column":87}},"line":87},"5":{"name":"(anonymous_5)","decl":{"start":{"line":88,"column":46},"end":{"line":88,"column":61}},"loc":{"start":{"line":88,"column":61},"end":{"line":88,"column":82}},"line":88}},"branchMap":{"0":{"loc":{"start":{"line":37,"column":16},"end":{"line":39,"column":null}},"type":"cond-expr","locations":[{"start":{"line":38,"column":6},"end":{"line":38,"column":null}},{"start":{"line":39,"column":6},"end":{"line":39,"column":null}}],"line":37},"1":{"loc":{"start":{"line":39,"column":6},"end":{"line":39,"column":null}},"type":"binary-expr","locations":[{"start":{"line":39,"column":6},"end":{"line":39,"column":30}},{"start":{"line":39,"column":30},"end":{"line":39,"column":null}}],"line":39},"2":{"loc":{"start":{"line":49,"column":43},"end":{"line":49,"column":79}},"type":"cond-expr","locations":[{"start":{"line":49,"column":62},"end":{"line":49,"column":73}},{"start":{"line":49,"column":73},"end":{"line":49,"column":79}}],"line":49},"3":{"loc":{"start":{"line":50,"column":13},"end":{"line":54,"column":null}},"type":"binary-expr","locations":[{"start":{"line":50,"column":13},"end":{"line":50,"column":43}},{"start":{"line":51,"column":14},"end":{"line":54,"column":null}}],"line":50},"4":{"loc":{"start":{"line":60,"column":11},"end":{"line":67,"column":null}},"type":"binary-expr","locations":[{"start":{"line":60,"column":11},"end":{"line":60,"column":null}},{"start":{"line":61,"column":12},"end":{"line":67,"column":null}}],"line":60},"5":{"loc":{"start":{"line":77,"column":11},"end":{"line":83,"column":null}},"type":"binary-expr","locations":[{"start":{"line":77,"column":11},"end":{"line":77,"column":null}},{"start":{"line":78,"column":12},"end":{"line":83,"column":null}}],"line":77},"6":{"loc":{"start":{"line":80,"column":52},"end":{"line":80,"column":91}},"type":"binary-expr","locations":[{"start":{"line":80,"column":52},"end":{"line":80,"column":70}},{"start":{"line":80,"column":70},"end":{"line":80,"column":91}}],"line":80},"7":{"loc":{"start":{"line":81,"column":52},"end":{"line":81,"column":88}},"type":"binary-expr","locations":[{"start":{"line":81,"column":52},"end":{"line":81,"column":71}
[...]
:{"start":{"line":85,"column":19},"end":{"line":85,"column":49}},"39":{"start":{"line":87,"column":2},"end":{"line":87,"column":null}},"40":{"start":{"line":87,"column":20},"end":{"line":87,"column":68}},"41":{"start":{"line":87,"column":37},"end":{"line":87,"column":57}},"42":{"start":{"line":89,"column":8},"end":{"line":95,"column":null}},"43":{"start":{"line":90,"column":4},"end":{"line":90,"column":null}},"44":{"start":{"line":91,"column":4},"end":{"line":91,"column":null}},"45":{"start":{"line":92,"column":4},"end":{"line":95,"column":null}},"46":{"start":{"line":93,"column":6},"end":{"line":93,"column":null}},"47":{"start":{"line":94,"column":6},"end":{"line":94,"column":null}},"48":{"start":{"line":98,"column":2},"end":{"line":351,"column":null}},"49":{"start":{"line":114,"column":58},"end":{"line":114,"column":76}},"50":{"start":{"line":123,"column":57},"end":{"line":123,"column":75}},"51":{"start":{"line":124,"column":56},"end":{"line":124,"column":74}},"52":{"start":{"line":161,"column":58},"end":{"line":161,"column":76}},"53":{"start":{"line":164,"column":61},"end":{"line":164,"column":79}},"54":{"start":{"line":223,"column":14},"end":{"line":233,"column":null}},"55":{"start":{"line":252,"column":14},"end":{"line":261,"column":null}},"56":{"start":{"line":277,"column":14},"end":{"line":286,"column":null}},"57":{"start":{"line":299,"column":56},"end":{"line":299,"column":74}},"58":{"start":{"line":316,"column":62},"end":{"line":316,"column":81}},"59":{"start":{"line":318,"column":67},"end":{"line":318,"column":86}},"60":{"start":{"line":332,"column":78},"end":{"line":332,"column":99}},"61":{"start":{"line":332,"column":99},"end":{"line":332,"column":null}},"62":{"start":{"line":340,"column":81},"end":{"line":340,"column":102}},"63":{"start":{"line":340,"column":102},"end":{"line":340,"column":null}}},"fnMap":{"0":{"name":"(anonymous_0)","decl":{"start":{"line":38,"column":29},"end":{"line":38,"column":34}},"loc":{"start":{"line":38,"column":44},"end":{"line":48,"column":3}},"line":38},"1":{"name":"AnimatedCounter","decl":{"start":{"line":50,"column":9},"end":{"line":50,"column":25}},"loc":{"start":{"line":50,"column":54},"end":{"line":64,"column":null}},"line":50},"2":{"name":"(anonymous_2)","decl":{"start":{"line":53,"column":2},"end":{"line":53,"column":18}},"loc":{"start":{"line":53,"column":18},"end":{"line":63,"column":6}},"line":53},"3":{"name":"(anonymous_3)","decl":{"start":{"line":57,"column":18},"end":{"line":57,"column":36}},"loc":{"start":{"line":57,"column":36},"end":{"line":61,"column":10}},"line":57},"4":{"name":"(anonymous_4)","decl":{"start":{"line":62,"column":4},"end":{"line":62,"column":17}},"loc":{"start":{"line":62,"column":17},"end":{"line":62,"column":37}},"line":62},"5":{"name":"useScrollReveal","decl":{"start":{"line":67,"column":9},"end":{"line":67,"column":25}},"loc":{"start":{"line":67,"column":43},"end":{"line":77,"column":null}},"line":67},"6":{"name":"(anonymous_6)","decl":{"start":{"line":70,"column":2},"end":{"line":70,"column":18}},"loc":{"start":{"line":70,"column":18},"end":{"line":76,"column":6}},"line":70},"7":{"name":"(anonymous_7)","decl":{"start":{"line":73,"column":20},"end":{"line":73,"column":42}},"loc":{"start":{"line":73,"column":50},"end":{"line":73,"column":119}},"line":73},"8":{"name":"(anonymous_8)","decl":{"start":{"line":75,"column":4},"end":{"line":75,"column":17}},"loc":{"start":{"line":75,"column":17},"end":{"line":75,"column":33}},"line":75},"9":{"name":"LandingPage","decl":{"start":{"line":80,"column":24},"end":{"line":80,"column":38}},"loc":{"start":{"line":80,"column":38},"end":{"line":351,"column":null}},"line":80},"10":{"name":"(anonymous_10)","decl":{"start":{"line":87,"column":2},"end":{"line":87,"column":18}},"loc":{"start":{"line":87,"column":18},"end":{"line":87,"column":70}},"line":87},"11":{"name":"(anonymous_11)","decl":{"start":{"line":87,"column":20},"end":{"line":87,"column":37}},"loc":{"start":{"line":87,"column":37},"end":{"line":87,"column":57}},"line":87},"12":{"name":"(anonymous_12)","decl":{"start":{"line":89,"column":8},"end":{"line":89,"column":33}},"loc":{"start":{"line":89,"column":33},"end":{"line":95,"column":null}},"line":89},"13":{"name":"(anonymous_13)","decl":{"start":{"line":92,"column":4},"end":{"line":92,"column":21}},"loc":{"start":{"line":92,"column":21},"end":{"line":95,"column":11}},"line":92},"14":{"name":"(anonymous_14)","decl":{"start":{"line":114,"column":43},"end":{"line":114,"column":58}},"loc":{"start":{"line":114,"column":58},"end":{"line":114,"column":76}},"line":114},"15":{"name":"(anonymous_15)","decl":{"start":{"line":123,"column":42},"end":{"line":123,"column":57}},"loc":{"start":{"line":123,"column":57},"end":{"line":123,"column":75}},"line":123},"16":{"name":"(anonymous_16)","decl":{"start":{"line":124,"column":41},"end":{"line":124,"column":56}},"loc":{"start":{"line":124,"column":56},"end":{"line":124,"column":74}},"line":124},"17":{"name":"(anonymous_17)","decl":{"start":{"line":161,"column":43},"end":{"line":161,"column":58}},"loc":{"start":{"line":161,"column":58},"end":{"line":161,"column":76}},"line":161},"18":{"name":"(anonymous_18)","decl":{"start":{"line":164,"column":46},"end":{"line":164,"column":61}},"loc":{"start":{"line":164,"column":61},"end":{"line":164,"column":79}},"line":164},"19":{"name":"(anonymous_19)","decl":{"start":{"line":222,"column":22},"end":{"line":222,"column":27}},"loc":{"start":{"line":223,"column":14},"end":{"line":233,"column":null}},"line":223},"20":{"name":"(anonymous_20)","decl":{"start":{"line":251,"column":14},"end":{"line":251,"column":19}},"loc":{"start":{"line":252,"column":14},"end":{"line":261,"column":null}},"line":252},"21":{"name":"(anonymous_21)","decl":{"start":{"line":276,"column":20},"end":{"line":276,"column":25}},"loc":{"start":{"line":277,"column":14},"end":{"line":286,"column":null}},"line":277},"22":{"name":"(anonymous_22)","decl":{"start":{"line":299,"column":41},"end":{"line":299,"column":56}},"loc":{"start":{"line":299,"column":56},"end":{"line":299,"column":74}},"line":299},"23":{"name":"(anonymous_23)","decl":{"start":{"line":316,"column":47},"end":{"line":316,"column":62}},"loc":{"start":{"line":316,"column":62},"end":{"line":316,"column":81}},"line":316},"24":{"name":"(anonymous_24)","decl":{"start":{"line":318,"column":52},"end":{"line":318,"column":67}},"loc":{"start":{"line":318,"column":67},"end":{"line":318,"column":86}},"line":318},"25":{"name":"(anonymous_25)","decl":{"start":{"line":332,"column":61},"end":{"line":332,"column":76}},"loc":{"start":{"line":332,"column":76},"end":{"line":332,"column":null}},"line":332},"26":{"name":"(anonymous_26)","decl":{"start":{"line":340,"column":64},"end":{"line":340,"column":79}},"loc":{"start":{"line":340,"column":79},"end":{"line":340,"column":null}},"line":340}},"branchMap":{"0":{"loc":{"start":{"line":45,"column":15},"end":{"line":45,"column":33}},"type":"cond-expr","locations":[{"start":{"line":45,"column":23},"end":{"line":45,"column":27}},{"start":{"line":45,"column":27},"end":{"line":45,"column":33}}],"line":45},"1":{"loc":{"start":{"line":45,"column":33},"end":{"line":45,"column":70}},"type":"cond-expr","locations":[{"start":{"line":45,"column":57},"end":{"line":45,"column":65}},{"start":{"line":45,"column":65},"end":{"line":45,"column":70}}],"line":45},"2":{"loc":{"start":{"line":46,"column":10},"end":{"line":46,"column":null}},"type":"cond-expr","locations":[{"start":{"line":46,"column":18},"end":{"line":46,"column":32}},{"start":{"line":46,"column":32},"end":{"line":46,"column":null}}],"line":46},"3":{"loc":{"start":{"line":46,"column":32},"end":{"line":46,"column":null}},"type":"cond-expr","locations":[{"start":{"line":46,"column":42},"end":{"line":46,"column":58}},{"start":{"line":46,"column":58},"end":{"line":46,"column":null}}],"line":46},"4":{"loc":{"start":{"line":50,"column":35},"end":{"line":50,"column":54}},"type":"default-arg","locations":[{"start":{"line":50,"column":46},"end":{"line":50,"column":54}}],"line":50},"5":{"loc":{"start":{"line":54,"column":4},"end":{"line":54,"column":null}},"type":"if","locations":[{"start":{"line":54,"column":4},"end":{"line":54,"column":null}},{"start":{},"end":{}}],"line":54},"6":{"loc":{"start":{"line":59,"column":6},"end":{"line":60,"column":null}},"type":"if","locations":[{"start":{"line":59,"column":6},"end":{"line":60,"column":null}},{"start":{"line":60,"column":11},"end":{"line":60,"column":null}}],"line":59},"7":{"loc":{"start":{"line":67,"column":25},"end":{"line":67,"column":43}},"type":"default-arg","locations":[{"start":{"line":67,"column":37},"end":{"line":67,"column":43}}],"line":67},"8":{"loc":{"start":{"line":72,"column":4},"end":{"line":72,"column":null}},"type":"if","locations":[{"start":{"line":72,"column":4},"end":{"line":72,"column":null}},{"start":{},"end":{}}],"line":72},"9":{"loc":{"start":{"line":73,"column":52},"end":{"line":73,"column":117}},"type":"if","locations":[{"start":{"line":73,"column":52},"end":{"line":73,"column":117}},{"start":{},"end":{}}],"line":73},"10":{"loc":{"start":{"line":105,"column":43},"end":{"line":105,"column":null}},"type":"cond-expr","locations":[{"start":{"line":105,"column":57},"end":{"line":105,"column":69}},{"start":{"line":105,"column":69},"end":{"line":105,"column":null}}],"line":105},"11":{"loc":{"start":{"line":130,"column":42},"end":{"line":130,"column":null}},"type":"cond-expr","locations":[{"start":{"line":130,"column":56},"end":{"line":130,"column":68}},{"start":{"line":130,"column":68},"end":{"line":130,"column":null}}],"line":130},"12":{"loc":{"start":{"line":315,"column":7},"end":{"line":351,"column":null}},"type":"binary-expr","locations":[{"start":{"line":315,"column":7},"end":{"line":315,"column":null}},{"start":{"line":316,"column":8},"end":{"line":351,"column":null}}],"line":315}},"s":{"0":1,"1":1,"2":1,"3":7,"4":54,"5":54,"6":54,"7":48,"8":24,"9":24,"10":24,"11":24,"12":4,"13":4,"14":0,"15":0,"16":4,"17":24,"18":24,"19":54,"20":54,"21":54,"22":54,"23":24,"24":24,"25":0,"26":24,"27":24,"28":24,"29":24,"30":24,"31":24,"32":24,"33":54,"34":15,"35":15,"36":15,"37":15,"38":15,"39":15,"40":12,"41":12,"42":15,"43":0,"44":0,"45":0,"46":0,"47":0,"48":15,"49":0,"50":0,"51":2,"52":0,"53":0,"54":90,"55":45,"56":105,"57":0,"58":0,"59":0,"60":0,"61":0,"62":0,"63":0},"f":{"0":7,"1":54,"2":48,"3":4,"4":24,"5":54,"6":24,"7":24,"8":24,"9":15,"10":12,"11":12,"12":0,"13":0,"14":0,"15":0,"16":2,"17":0,"18":0,"19":90,"20":45,"21":105,"22":0,"23":0,"24":0,"25":0,"26":0},"b":{"0":[6,1],"1":[6,1],"2":[3,4],"3":[1,3],"4":[54],"5":[24,24],"6":[0,4],"7":[54],"8":[0,24],"9":[24,0],"10":[1,14],"11":[1,14],"12":[15,3]},"meta":{"lastBranch":13,"lastFunction":27,"lastStatement":64,"seen":{"s:19:17:26:Infinity":0,"s:28:15:36:Infinity":1,"s:38:22:48:3":2,"f:38:29:38:34":0,"s:38:44:48:3":3,"b:45:23:45:27:45:27:45:33":0,"b:45:57:45:65:45:65:45:70":1,"b:46:18:46:32:46:32:46:Infinity":2,"b:46:42:46:58:46:58:46:Infinity":3,"f:50:9:50:25":1,"b:50:46:50:54":4,"s:51:16:51:39":4,"s:52:25:52:42":5,"s:53:2:63:Infinity":6,"f:53:2:53:18":2,"b:54:4:54:Infinity:undefined:undefined:undefined:undefined":5,"s:54:4:54:Infinity":7,"s:54:18:54:Infinity":8,"s:55:16:55:Infinity":9,"s:56:17:56:Infinity":10,"s:57:18:61:10":11,"f:57:18:57:36":3,"s:58:6:58:Infinity":12,"b:59:6:60:Infinity:60:11:60:Infinity":6,"s:59:6:60:Infinity":13,"s:59:29:59:47":14,"s:59:47:59:Infinity":15,"s:60:11:60:Infinity":16,"s:62:4:62:Infinity":17,"f:62:4:62:17":4,"s:62:17:62:37":18,"s:64:2:64:Infinity":19,"f:67:9:67:25":5,"b:67:37:67:43":7,"s:68:8:68:26":20,"s:69:18:69:47":21,"s:70:2:76:Infinity":22,"f:70:2:70:18":6,"s:71:15:71:Infinity":23,"b:72:4:72:Infinity:undefined:undefined:undefined:undefined":8,"s:72:4:72:Infinity":24,"s:72:13:72:Infinity":25,"s:73:16:73:131":26,"f:73:20:73:42":7,"b:73:52:73:117:undefined:undefined:undefined:undefined":9,"s:73:52:73:117":27,"s:73:76:73:94":28,"s:73:94:73:117":29,"s:74:4:74:Infinity":30,"s:75:4:75:Infinity":31,"f:75:4:75:17":8,"s:75:17:75:33":32,"s:77:2:77:Infinity":33,"f:80:24:80:38":9,"s:81:8:81:32":34,"s:82:10:82:38":35,"s:83:20:83:51":36,"s:84:22:84:55":37,"s:85:19:85:49":38,"s:87:2:87:Infinity":39,"f:87:2:87:18":10,"s:87:20:87:68":40,"f:87:20:87:37":11,"s:87:37:87:57":41,"s:89:8:95:Infinity":42,"f:89:8:89:33":12,"s:90:4:90:Infinity":43,"s:91:4:91:Infinity":44,"s:92:4:95:Infinity":45,"f:92:4:92:21":13,"s:93:6:93:Infinity":46,"s:94:6:94:Infinity":47,"s:98:2:351:Infinity":48,"b:105:57:105:69:105:69:105:Infinity":10,"f:114:43:114:58":14,"s:114:58:114:76":49,"f:123:42:123:57":15,"s:123:57:123:75":50,"f:124:41:124:56":16,"s:124:56:124:74":51,"b:130:56:130:68:130:68:130:Infinity":11,"f:161:43:161:58":17,"s:161:58:161:76":52,"f:164:46:164:61":18,"s:164:61:164:79":53,"f:222:22:222:27":19,"s:223:14:233:Infinity":54,"f:251:14:251:19":20,"s:252:14:261:Infinity":55,"f:276:20:276:25":21,"s:277:14:286:Infinity":56,"f:299:41:299:56":22,"s:299:56:299:74":57,"b:315:7:315:Infinity:316:8:351:Infinity":12,"f:316:47:316:62":23,"s:316:62:316:81":58,"f:318:52:318:67":24,"s:318:67:318:86":59,"f:332:61:332:76":25,"s:332:78:332:99":60,"s:332:99:332:Infinity":61,"f:340:64:340:79":26,"s:340:81:340:102":62,"s:340:102:340:Infinity":63},"fnNames":{}}}
,"C:\\final fyp idea\\frontend\\src\\pages\\LoginScreen.css": {"path":"C:\\final fyp idea\\frontend\\src\\pages\\LoginScreen.css","statementMap":{},"fnMap":{},"branchMap":{},"s":{},"f":{},"b":{},"meta":{"lastBranch":0,"lastFunction":0,"lastStatement":0,"seen":{},"fnNames":{}}}
,"C:\\final fyp idea\\frontend\\src\\pages\\LoginScreen.jsx": {"path":"C:\\final fyp idea\\frontend\\src\\pages\\LoginScreen.jsx","statementMap":{"0":{"start":{"line":9,"column":8},"end":{"line":9,"column":32}},"1":{"start":{"line":10,"column":10},"end":{"line":10,"column":29}},"2":{"start":{"line":12,"column":16},"end":{"line":12,"column":40}},"3":{"start":{"line":13,"column":19},"end":{"line":13,"column":46}},"4":{"start":{"line":14,"column":23},"end":{"line":14,"column":57}},"5":{"start":{"line":15,"column":16},"end":{"line":15,"column":40}},"6":{"start":{"line":16,"column":18},"end":{"line":16,"column":47}},"7":{"start":{"line":17,"column":21},"end":{"line":17,"column":53}},"8":{"start":{"line":19,"column":22},"end":{"line":33,"column":null}},"9":{"start":{"line":20,"column":4},"end":{"line":20,"column":null}},"10":{"start":{"line":21,"column":4},"end":{"line":21,"column":null}},"11":{"start":{"line":22,"column":4},"end":{"line":22,"column":null}},"12":{"start":{"line":24,"column":19},"end":{"line":24,"column":47}},"13":{"start":{"line":26,"column":4},"end":{"line":33,"column":null}},"14":{"start":{"line":30,"column":6},"end":{"line":30,"column":null}},"15":{"start":{"line":32,"column":6},"end":{"line":32,"column":null}},"16":{"start":{"line":33,"column":6},"end":{"line":33,"column":null}},"17":{"start":{"line":37,"column":2},"end":{"line":153,"column":null}},"18":{"start":{"line":77,"column":35},"end":{"line":77,"column":59}},"19":{"start":{"line":94,"column":35},"end":{"line":94,"column":62}},"20":{"start":{"line":100,"column":33},"end":{"line":100,"column":63}},"21":{"start":{"line":113,"column":35},"end":{"line":113,"column":null}}},"fnMap":{"0":{"name":"LoginScreen","decl":{"start":{"line":8,"column":24},"end":{"line":8,"column":38}},"loc":{"start":{"line":8,"column":38},"end":{"line":153,"column":null}},"line":8},"1":{"name":"(anonymous_1)","decl":{"start":{"line":19,"column":22},"end":{"line":19,"column":29}},"loc":{"start":{"line":19,"column":35},"end":{"line":33,"column":null}},"line":19},"2":{"name":"(anonymous_2)","decl":{"start":{"line":77,"column":18},"end":{"line":77,"column":29}},"loc":{"start":{"line":77,"column":35},"end":{"line":77,"column":59}},"line":77},"3":{"name":"(anonymous_3)","decl":{"start":{"line":94,"column":18},"end":{"line":94,"column":29}},"loc":{"start":{"line":94,"column":35},"end":{"line":94,"column":62}},"line":94},"4":{"name":"(anonymous_4)","decl":{"start":{"line":100,"column":18},"end":{"line":100,"column":33}},"loc":{"start":{"line":100,"column":33},"end":{"line":100,"column":63}},"line":100},"5":{"name":"(anonymous_5)","decl":{"start":{"line":113,"column":18},"end":{"line":113,"column":29}},"loc":{"start":{"line":113,"column":35},"end":{"line":113,"column":null}},"line":113}},"branchMap":{"0":{"loc":{"start":{"line":26,"column":4},"end":{"line":33,"column":null}},"type":"if","locations":[{"start":{"line":26,"column":4},"end":{"line":33,"column":null}},{"start":{"line":31,"column":11},"end":{"line":33,"column":null}}],"line":26},"1":{"loc":{"start":{"line":32,"column":15},"end":{"line":32,"column":59}},"type":"binary-expr","locations":[{"start":{"line":32,"column":15},"end":{"line":32,"column":31}},{"start":{"line":32,"column":31},"end":{"line":32,"column":59}}],"line":32},"2":{"loc":{"start":{"line":66,"column":13},"end":{"line":66,"column":null}},"type":"binary-expr","locations":[{"start":{"line":66,"column":13},"end":{"line":66,"column":22}},{"start":{"line":66,"column":22},"end":{"line":66,"column":null}}],"line":66},"3":{"loc":{"start":{"line":81,"column":17},"end":{"line":81,"column":null}},"type":"binary-expr","locations":[{"start":{"line":81,"column":17},"end":{"line":81,"column":26}},{"start":{"line":81,"column":26},"end":{"line":81,"column":45}},{"start":{"line":81,"column":49},"end":{"line":81,"column":null}}],"line":81},"4":{"loc":{"start":{"line":90,"column":24},"end":{"line":90,"column":null}},"type":"cond-expr","locations":[{"start":{"line":90,"column":39},"end":{"line":90,"column":48}},{"start":{"line":90,"column":48},"end":{"line":90,"column":null}}],"line":90},"5":{"loc":{"start":{"line":102,"column":19},"end":{"line":102,"column":null}},"type":"cond-expr","locations":[{"start":{"line":102,"column":34},"end":{"line":102,"column":41}},{"start":{"line":102,"column":41},"end":{"line":102,"column":null}}],"line":102},"6":{"loc":{"start":{"line":122,"column":41},"end":{"line":122,"column":null}},"type":"cond-expr","locations":[{"start":{"line":122,"column":51},"end":{"line":122,"column":66}},{"start":{"line":122,"column":66},"end":{"line":122,"column":null}}],"line":122},"7":{"loc":{"start":{"line":123,"column":24},"end":{"line":123,"column":null}},"type":"binary-expr","locations":[{"start":{"line":123,"column":24},"end":{"line":123,"column":35}},{"start":{"line":123,"column":35},"end":{"line":123,"column":45}},{"start":{"line":123,"column":45},"end":{"line":123,"column":null}}],"line":123},"8":{"loc":{"start":{"line":125,"column":15},"end":{"line":128,"column":null}},"type":"cond-expr","locations":[{"start":{"line":126,"column":16},"end":{"line":128,"column":18}},{"start":{"line":128,"column":16},"end":{"line":128,"column":null}}],"line":125}},"s":{"0":23,"1":23,"2":23,"3":23,"4":23,"5":23,"6":23,"7":23,"8":23,"9":2,"10":2,"11":2,"12":2,"13":2,"14":1,"15":1,"16":1,"17":23,"18":3,"19":3,"20":1,"21":0},"f":{"0":23,"1":2,"2":3,"3":3,"4":1,"5":0},"b":{"0":[1,1],"1":[1,0],"2":[23,1],"3":[23,8,8],"4":[1,22],"5":[1,22],"6":[1,22],"7":[23,22,7],"8":[1,22]},"meta":{"lastBranch":9,"lastFunction":6,"lastStatement":22,"seen":{"f:8:24:8:38":0,"s:9:8:9:32":0,"s:10:10:10:29":1,"s:12:16:12:40":2,"s:13:19:13:46":3,"s:14:23:14:57":4,"s:15:16:15:40":5,"s:16:18:16:47":6,"s:17:21:17:53":7,"s:19:22:33:Infinity":8,"f:19:22:19:29":1,"s:20:4:20:Infinity":9,"s:21:4:21:Infinity":10,"s:22:4:22:Infinity":11,"s:24:19:24:47":12,"b:26:4:33:Infinity:31:11:33:Infinity":0,"s:26:4:33:Infinity":13,"s:30:6:30:Infinity":14,"s:32:6:32:Infinity":15,"b:32:15:32:31:32:31:32:59":1,"s:33:6:33:Infinity":16,"s:37:2:153:Infinity":17,"b:66:13:66:22:66:22:66:Infinity":2,"f:77:18:77:29":2,"s:77:35:77:59":18,"b:81:17:81:26:81:26:81:45:81:49:81:Infinity":3,"b:90:39:90:48:90:48:90:Infinity":4,"f:94:18:94:29":3,"s:94:35:94:62":19,"f:100:18:100:33":4,"s:100:33:100:63":20,"b:102:34:102:41:102:41:102:Infinity":5,"f:113:18:113:29":5,"s:113:35:113:Infinity":21,"b:122:51:122:66:122:66:122:Infinity":6,"b:123:24:123:35:123:35:123:45:123:45:123:Infinity":7,"b:126:16:128:18:128:16:128:Infinity":8},"fnNames":{}}}
}
